Using pre-set license
Built from '2021.3/release' branch; Version is '2021.3.12f1 (8af3c3e441b1) revision 9106371'; Using compiler version '192829333'; Build Type 'Release'
OS: 'Windows 11  (10.0.22621) 64bit CoreSingleLanguage' Language: 'es' Physical Memory: 16080 MB
BatchMode: 1, IsHumanControllingUs: 0, StartBugReporterOnCrash: 0, Is64bit: 1, IsPro: 1

COMMAND LINE ARGUMENTS:
C:\Program Files\Unity\Hub\Editor\2021.3.12f1\Editor\Unity.exe
-adb2
-batchMode
-noUpm
-name
AssetImportWorker1
-projectPath
C:/Users/isabe/OneDrive/Documentos/GitHub/MovilidadUrbana/MovilidadUrbana
-logFile
Logs/AssetImportWorker1.log
-srvPort
57501
Successfully changed project path to: C:/Users/isabe/OneDrive/Documentos/GitHub/MovilidadUrbana/MovilidadUrbana
C:/Users/isabe/OneDrive/Documentos/GitHub/MovilidadUrbana/MovilidadUrbana
[UnityMemory] Configuration Parameters - Can be set up in boot.config
    "memorysetup-bucket-allocator-granularity=16"
    "memorysetup-bucket-allocator-bucket-count=8"
    "memorysetup-bucket-allocator-block-size=33554432"
    "memorysetup-bucket-allocator-block-count=8"
    "memorysetup-main-allocator-block-size=16777216"
    "memorysetup-thread-allocator-block-size=16777216"
    "memorysetup-gfx-main-allocator-block-size=16777216"
    "memorysetup-gfx-thread-allocator-block-size=16777216"
    "memorysetup-cache-allocator-block-size=4194304"
    "memorysetup-typetree-allocator-block-size=2097152"
    "memorysetup-profiler-bucket-allocator-granularity=16"
    "memorysetup-profiler-bucket-allocator-bucket-count=8"
    "memorysetup-profiler-bucket-allocator-block-size=33554432"
    "memorysetup-profiler-bucket-allocator-block-count=8"
    "memorysetup-profiler-allocator-block-size=16777216"
    "memorysetup-profiler-editor-allocator-block-size=1048576"
    "memorysetup-temp-allocator-size-main=16777216"
    "memorysetup-job-temp-allocator-block-size=2097152"
    "memorysetup-job-temp-allocator-block-size-background=1048576"
    "memorysetup-job-temp-allocator-reduction-small-platforms=262144"
    "memorysetup-temp-allocator-size-background-worker=32768"
    "memorysetup-temp-allocator-size-job-worker=262144"
    "memorysetup-temp-allocator-size-preload-manager=33554432"
    "memorysetup-temp-allocator-size-nav-mesh-worker=65536"
    "memorysetup-temp-allocator-size-audio-worker=65536"
    "memorysetup-temp-allocator-size-cloud-worker=32768"
    "memorysetup-temp-allocator-size-gi-baking-worker=262144"
    "memorysetup-temp-allocator-size-gfx=262144"
Refreshing native plugins compatible for Editor in 112.00 ms, found 3 plugins.
Preloading 0 native plugins for Editor in 0.00 ms.
Initialize engine version: 2021.3.12f1 (8af3c3e441b1)
[Subsystems] Discovering subsystems at path C:/Program Files/Unity/Hub/Editor/2021.3.12f1/Editor/Data/Resources/UnitySubsystems
[Subsystems] Discovering subsystems at path C:/Users/isabe/OneDrive/Documentos/GitHub/MovilidadUrbana/MovilidadUrbana/Assets
GfxDevice: creating device client; threaded=0; jobified=0
Direct3D:
    Version:  Direct3D 11.0 [level 11.1]
    Renderer: Intel(R) Iris(R) Xe Graphics (ID=0x9a49)
    Vendor:   Intel
    VRAM:     8040 MB
    Driver:   30.0.101.1003
Initialize mono
Mono path[0] = 'C:/Program Files/Unity/Hub/Editor/2021.3.12f1/Editor/Data/Managed'
Mono path[1] = 'C:/Program Files/Unity/Hub/Editor/2021.3.12f1/Editor/Data/MonoBleedingEdge/lib/mono/unityjit-win32'
Mono config path = 'C:/Program Files/Unity/Hub/Editor/2021.3.12f1/Editor/Data/MonoBleedingEdge/etc'
Using monoOptions --debugger-agent=transport=dt_socket,embedding=1,server=y,suspend=n,address=127.0.0.1:56228
Begin MonoManager ReloadAssembly
Registering precompiled unity dll's ...
Register platform support module: C:/Program Files/Unity/Hub/Editor/2021.3.12f1/Editor/Data/PlaybackEngines/WebGLSupport/UnityEditor.WebGL.Extensions.dll
Register platform support module: C:/Program Files/Unity/Hub/Editor/2021.3.12f1/Editor/Data/PlaybackEngines/WindowsStandaloneSupport/UnityEditor.WindowsStandalone.Extensions.dll
Registered in 0.011827 seconds.
Native extension for WindowsStandalone target not found
Native extension for WebGL target not found
Refreshing native plugins compatible for Editor in 111.46 ms, found 3 plugins.
Preloading 0 native plugins for Editor in 0.00 ms.
Mono: successfully reloaded assembly
- Completed reload, in  0.965 seconds
Domain Reload Profiling:
	ReloadAssembly (966ms)
		BeginReloadAssembly (99ms)
			ExecutionOrderSort (0ms)
			DisableScriptedObjects (0ms)
			BackupInstance (0ms)
			ReleaseScriptingObjects (0ms)
			CreateAndSetChildDomain (1ms)
		EndReloadAssembly (697ms)
			LoadAssemblies (96ms)
			RebuildTransferFunctionScriptingTraits (0ms)
			SetupTypeCache (139ms)
			ReleaseScriptCaches (0ms)
			RebuildScriptCaches (48ms)
			SetupLoadedEditorAssemblies (446ms)
				LogAssemblyErrors (0ms)
				InitializePlatformSupportModulesInManaged (16ms)
				SetLoadedEditorAssemblies (0ms)
				RefreshPlugins (112ms)
				BeforeProcessingInitializeOnLoad (2ms)
				ProcessInitializeOnLoadAttributes (226ms)
				ProcessInitializeOnLoadMethodAttributes (90ms)
				AfterProcessingInitializeOnLoad (0ms)
				EditorAssembliesLoaded (0ms)
			ExecutionOrderSort2 (0ms)
			AwakeInstancesAfterBackupRestoration (0ms)
Platform modules already initialized, skipping
Registering precompiled user dll's ...
Registered in 0.011572 seconds.
Begin MonoManager ReloadAssembly
Symbol file LoadedFromMemory doesn't match image C:\Users\isabe\OneDrive\Documentos\GitHub\MovilidadUrbana\MovilidadUrbana\Library\PackageCache\com.unity.visualscripting@1.7.8\Editor\VisualScripting.Core\Dependencies\YamlDotNet\Unity.VisualScripting.YamlDotNet.dll
Symbol file LoadedFromMemory doesn't match image C:\Users\isabe\OneDrive\Documentos\GitHub\MovilidadUrbana\MovilidadUrbana\Library\PackageCache\com.unity.visualscripting@1.7.8\Editor\VisualScripting.Core\Dependencies\DotNetZip\Unity.VisualScripting.IonicZip.dll
Native extension for WindowsStandalone target not found
Native extension for WebGL target not found
Refreshing native plugins compatible for Editor in 2.17 ms, found 3 plugins.
Preloading 0 native plugins for Editor in 0.00 ms.
Mono: successfully reloaded assembly
- Completed reload, in  4.879 seconds
Domain Reload Profiling:
	ReloadAssembly (4882ms)
		BeginReloadAssembly (715ms)
			ExecutionOrderSort (0ms)
			DisableScriptedObjects (23ms)
			BackupInstance (0ms)
			ReleaseScriptingObjects (0ms)
			CreateAndSetChildDomain (63ms)
		EndReloadAssembly (3216ms)
			LoadAssemblies (568ms)
			RebuildTransferFunctionScriptingTraits (0ms)
			SetupTypeCache (1047ms)
			ReleaseScriptCaches (1ms)
			RebuildScriptCaches (243ms)
			SetupLoadedEditorAssemblies (1482ms)
				LogAssemblyErrors (0ms)
				InitializePlatformSupportModulesInManaged (39ms)
				SetLoadedEditorAssemblies (3ms)
				RefreshPlugins (2ms)
				BeforeProcessingInitializeOnLoad (342ms)
				ProcessInitializeOnLoadAttributes (973ms)
				ProcessInitializeOnLoadMethodAttributes (99ms)
				AfterProcessingInitializeOnLoad (24ms)
				EditorAssembliesLoaded (0ms)
			ExecutionOrderSort2 (0ms)
			AwakeInstancesAfterBackupRestoration (20ms)
Platform modules already initialized, skipping
========================================================================
Worker process is ready to serve import requests
Launched and connected shader compiler UnityShaderCompiler.exe after 0.20 seconds
Refreshing native plugins compatible for Editor in 6.03 ms, found 3 plugins.
Preloading 0 native plugins for Editor in 0.00 ms.
Unloading 3383 Unused Serialized files (Serialized files now loaded: 0)
Unloading 25 unused Assets / (56.1 KB). Loaded Objects now: 3842.
Memory consumption went from 116.2 MB to 116.2 MB.
Total: 7.407500 ms (FindLiveObjects: 0.452900 ms CreateObjectMapping: 0.751300 ms MarkObjects: 6.075700 ms  DeleteObjects: 0.125700 ms)

AssetImportParameters requested are different than current active one (requested -> active):
  custom:video-decoder-ogg-theora: a1e56fd34408186e4bbccfd4996cb3dc -> 
  custom:container-muxer-webm: aa71ff27fc2769a1b78a27578f13a17b -> 
  custom:container-demuxer-webm: 4f35f7cbe854078d1ac9338744f61a02 -> 
  custom:video-encoder-webm-vp8: eb34c28f22e8b96e1ab97ce403110664 -> 
  custom:audio-encoder-webm-vorbis: bf7c407c2cedff20999df2af8eb42d56 -> 
  custom:framework-win-MediaFoundation: 216162199b28c13a410421893ffa2e32 -> 
  custom:container-demuxer-ogg: 62fdf1f143b41e24485cea50d1cbac27 -> 
  custom:video-decoder-webm-vp8: 9c59270c3fd7afecdb556c50c9e8de78 -> 
  custom:audio-decoder-ogg-vorbis: bf7c407c2cedff20999df2af8eb42d56 -> 
========================================================================
Received Prepare
Registering precompiled user dll's ...
Registered in 0.009481 seconds.
Begin MonoManager ReloadAssembly
Symbol file LoadedFromMemory doesn't match image C:\Users\isabe\OneDrive\Documentos\GitHub\MovilidadUrbana\MovilidadUrbana\Library\PackageCache\com.unity.visualscripting@1.7.8\Editor\VisualScripting.Core\Dependencies\YamlDotNet\Unity.VisualScripting.YamlDotNet.dll
Symbol file LoadedFromMemory doesn't match image C:\Users\isabe\OneDrive\Documentos\GitHub\MovilidadUrbana\MovilidadUrbana\Library\PackageCache\com.unity.visualscripting@1.7.8\Editor\VisualScripting.Core\Dependencies\DotNetZip\Unity.VisualScripting.IonicZip.dll
Native extension for WindowsStandalone target not found
Native extension for WebGL target not found
Refreshing native plugins compatible for Editor in 0.87 ms, found 3 plugins.
Preloading 0 native plugins for Editor in 0.00 ms.
Mono: successfully reloaded assembly
- Completed reload, in  1.502 seconds
Domain Reload Profiling:
	ReloadAssembly (1503ms)
		BeginReloadAssembly (168ms)
			ExecutionOrderSort (0ms)
			DisableScriptedObjects (7ms)
			BackupInstance (0ms)
			ReleaseScriptingObjects (0ms)
			CreateAndSetChildDomain (48ms)
		EndReloadAssembly (1211ms)
			LoadAssemblies (108ms)
			RebuildTransferFunctionScriptingTraits (1ms)
			SetupTypeCache (402ms)
			ReleaseScriptCaches (2ms)
			RebuildScriptCaches (61ms)
			SetupLoadedEditorAssemblies (544ms)
				LogAssemblyErrors (0ms)
				InitializePlatformSupportModulesInManaged (22ms)
				SetLoadedEditorAssemblies (1ms)
				RefreshPlugins (1ms)
				BeforeProcessingInitializeOnLoad (97ms)
				ProcessInitializeOnLoadAttributes (377ms)
				ProcessInitializeOnLoadMethodAttributes (33ms)
				AfterProcessingInitializeOnLoad (13ms)
				EditorAssembliesLoaded (0ms)
			ExecutionOrderSort2 (0ms)
			AwakeInstancesAfterBackupRestoration (10ms)
Platform modules already initialized, skipping
Refreshing native plugins compatible for Editor in 3.06 ms, found 3 plugins.
Preloading 0 native plugins for Editor in 0.00 ms.
Unloading 3376 Unused Serialized files (Serialized files now loaded: 0)
Unloading 18 unused Assets / (24.6 KB). Loaded Objects now: 3845.
Memory consumption went from 115.9 MB to 115.9 MB.
Total: 4.138100 ms (FindLiveObjects: 0.280200 ms CreateObjectMapping: 0.269900 ms MarkObjects: 3.541600 ms  DeleteObjects: 0.044700 ms)

AssetImportParameters requested are different than current active one (requested -> active):
  custom:video-decoder-ogg-theora: a1e56fd34408186e4bbccfd4996cb3dc -> 
  custom:container-muxer-webm: aa71ff27fc2769a1b78a27578f13a17b -> 
  custom:container-demuxer-webm: 4f35f7cbe854078d1ac9338744f61a02 -> 
  custom:video-encoder-webm-vp8: eb34c28f22e8b96e1ab97ce403110664 -> 
  custom:audio-encoder-webm-vorbis: bf7c407c2cedff20999df2af8eb42d56 -> 
  custom:framework-win-MediaFoundation: 216162199b28c13a410421893ffa2e32 -> 
  custom:container-demuxer-ogg: 62fdf1f143b41e24485cea50d1cbac27 -> 
  custom:video-decoder-webm-vp8: 9c59270c3fd7afecdb556c50c9e8de78 -> 
  custom:audio-decoder-ogg-vorbis: bf7c407c2cedff20999df2af8eb42d56 -> 
========================================================================
Received Import Request.
  Time since last request: 199123.507742 seconds.
  path: Assets/Imported/CartoonLowPolyCity/Prefabs/Props/Fence_01.prefab
  artifactKey: Guid(3b6d68c439645414d83e3f005156b1b8) Importer(815301076,1909f56bfc062723c751e8b465ee728b)
Start importing Assets/Imported/CartoonLowPolyCity/Prefabs/Props/Fence_01.prefab using Guid(3b6d68c439645414d83e3f005156b1b8) Importer(815301076,1909f56bfc062723c751e8b465ee728b)  -> (artifact id: 'e64f55b3adb4dbfaa36e6ed16d5c8891') in 0.181615 seconds 
========================================================================
Received Import Request.
  Time since last request: 0.000034 seconds.
  path: Assets/Imported/CartoonLowPolyCity/Prefabs/Props/Fence_04.prefab
  artifactKey: Guid(83483d46a2339bb48b25680cf09ccd7e) Importer(815301076,1909f56bfc062723c751e8b465ee728b)
Start importing Assets/Imported/CartoonLowPolyCity/Prefabs/Props/Fence_04.prefab using Guid(83483d46a2339bb48b25680cf09ccd7e) Importer(815301076,1909f56bfc062723c751e8b465ee728b)  -> (artifact id: 'f6884146d27963915912f850e04de04b') in 0.016946 seconds 
========================================================================
Received Import Request.
  Time since last request: 0.000044 seconds.
  path: Assets/Imported/CartoonLowPolyCity/Prefabs/Props/Fence_03.prefab
  artifactKey: Guid(88377e23b4a250c4a8961f1a7434d9d3) Importer(815301076,1909f56bfc062723c751e8b465ee728b)
Start importing Assets/Imported/CartoonLowPolyCity/Prefabs/Props/Fence_03.prefab using Guid(88377e23b4a250c4a8961f1a7434d9d3) Importer(815301076,1909f56bfc062723c751e8b465ee728b)  -> (artifact id: '1580f72868c2f9772b3eaa00b25f8be9') in 0.015513 seconds 
========================================================================
Received Import Request.
  Time since last request: 0.000024 seconds.
  path: Assets/Imported/CartoonLowPolyCity/Prefabs/Props/Fence_02.prefab
  artifactKey: Guid(52757b6367ec83841b79426726a303a6) Importer(815301076,1909f56bfc062723c751e8b465ee728b)
Start importing Assets/Imported/CartoonLowPolyCity/Prefabs/Props/Fence_02.prefab using Guid(52757b6367ec83841b79426726a303a6) Importer(815301076,1909f56bfc062723c751e8b465ee728b)  -> (artifact id: '7e6f4a13a74666b11fabb53d1fbdaa87') in 0.016996 seconds 
========================================================================
Received Import Request.
  Time since last request: 0.000030 seconds.
  path: Assets/Imported/CartoonLowPolyCity/Models/Props/Fence_02.fbx
  artifactKey: Guid(f6d2293cfff063749a18c9ae82e4afb7) Importer(815301076,1909f56bfc062723c751e8b465ee728b)
Start importing Assets/Imported/CartoonLowPolyCity/Models/Props/Fence_02.fbx using Guid(f6d2293cfff063749a18c9ae82e4afb7) Importer(815301076,1909f56bfc062723c751e8b465ee728b)  -> (artifact id: '08dd582cae87c64db571694b42136d70') in 0.034421 seconds 
========================================================================
Received Import Request.
  Time since last request: 0.464575 seconds.
  path: Assets/Imported/CartoonLowPolyCity/Models/Props/Flower_01.fbx
  artifactKey: Guid(35fa6fcb39891b1498dc8bd37dcf3527) Importer(815301076,1909f56bfc062723c751e8b465ee728b)
Start importing Assets/Imported/CartoonLowPolyCity/Models/Props/Flower_01.fbx using Guid(35fa6fcb39891b1498dc8bd37dcf3527) Importer(815301076,1909f56bfc062723c751e8b465ee728b)  -> (artifact id: 'b85a617d3c7bca345dcf8ff4f43d1697') in 0.020446 seconds 
========================================================================
Received Import Request.
  Time since last request: 0.016552 seconds.
  path: Assets/Imported/CartoonLowPolyCity/Models/Props/Flower_02.fbx
  artifactKey: Guid(09404093b26aabb43a12d702c9990e88) Importer(815301076,1909f56bfc062723c751e8b465ee728b)
Start importing Assets/Imported/CartoonLowPolyCity/Models/Props/Flower_02.fbx using Guid(09404093b26aabb43a12d702c9990e88) Importer(815301076,1909f56bfc062723c751e8b465ee728b)  -> (artifact id: '312e24131051f610ba843781d9d187b1') in 0.018427 seconds 
========================================================================
Received Import Request.
  Time since last request: 0.011540 seconds.
  path: Assets/Imported/CartoonLowPolyCity/Models/Buildings/Football.fbx
  artifactKey: Guid(3382365a88f0fa14fb3eef275253e80c) Importer(815301076,1909f56bfc062723c751e8b465ee728b)
Start importing Assets/Imported/CartoonLowPolyCity/Models/Buildings/Football.fbx using Guid(3382365a88f0fa14fb3eef275253e80c) Importer(815301076,1909f56bfc062723c751e8b465ee728b)  -> (artifact id: 'b852fc9baa68f74e19af3c788bfee0a9') in 0.020192 seconds 
========================================================================
Received Import Request.
  Time since last request: 0.007934 seconds.
  path: Assets/Imported/CartoonLowPolyCity/Prefabs/Props/FootballFence_01.prefab
  artifactKey: Guid(05b72fa4d72df604f86063505557ded3) Importer(815301076,1909f56bfc062723c751e8b465ee728b)
Start importing Assets/Imported/CartoonLowPolyCity/Prefabs/Props/FootballFence_01.prefab using Guid(05b72fa4d72df604f86063505557ded3) Importer(815301076,1909f56bfc062723c751e8b465ee728b)  -> (artifact id: 'f968d3614f155be0729ecb50eadc1974') in 0.016704 seconds 
========================================================================
Received Import Request.
  Time since last request: 0.000030 seconds.
  path: Assets/Imported/CartoonLowPolyCity/Models/Props/Fountain_01.fbx
  artifactKey: Guid(56ccd1d6b6aaefa4b9bc62337ac120df) Importer(815301076,1909f56bfc062723c751e8b465ee728b)
Start importing Assets/Imported/CartoonLowPolyCity/Models/Props/Fountain_01.fbx using Guid(56ccd1d6b6aaefa4b9bc62337ac120df) Importer(815301076,1909f56bfc062723c751e8b465ee728b)  -> (artifact id: '0a9001d464de1ab1bff98c9c8536a21f') in 0.019030 seconds 
========================================================================
Received Import Request.
  Time since last request: 0.438425 seconds.
  path: Assets/Imported/CartoonLowPolyCity/Models/Buildings/Gas_Station_01.fbx
  artifactKey: Guid(a4bdcd6602a278f4f93e834a02676937) Importer(815301076,1909f56bfc062723c751e8b465ee728b)
Start importing Assets/Imported/CartoonLowPolyCity/Models/Buildings/Gas_Station_01.fbx using Guid(a4bdcd6602a278f4f93e834a02676937) Importer(815301076,1909f56bfc062723c751e8b465ee728b)  -> (artifact id: 'f786281fd2e05b208a1a6332e192e34e') in 0.019952 seconds 
========================================================================
Received Import Request.
  Time since last request: 0.033900 seconds.
  path: Assets/Imported/CartoonLowPolyCity/Prefabs/Buildings/Gas_Station_02.prefab
  artifactKey: Guid(3a67c34e5324297429520456f040c421) Importer(815301076,1909f56bfc062723c751e8b465ee728b)
Start importing Assets/Imported/CartoonLowPolyCity/Prefabs/Buildings/Gas_Station_02.prefab using Guid(3a67c34e5324297429520456f040c421) Importer(815301076,1909f56bfc062723c751e8b465ee728b)  -> (artifact id: 'b7774683e37b07e2da21d6ccb91697be') in 0.015894 seconds 
========================================================================
Received Import Request.
  Time since last request: 1.111096 seconds.
  path: Assets/Imported/CartoonLowPolyCity/Models/Nature/Grass_01.fbx
  artifactKey: Guid(504e8e97dd5b1d845abdc1b04a21ef19) Importer(815301076,1909f56bfc062723c751e8b465ee728b)
Start importing Assets/Imported/CartoonLowPolyCity/Models/Nature/Grass_01.fbx using Guid(504e8e97dd5b1d845abdc1b04a21ef19) Importer(815301076,1909f56bfc062723c751e8b465ee728b)  -> (artifact id: '3e213e0d6e13dbaf59225db592203bbb') in 0.023587 seconds 
========================================================================
Received Import Request.
  Time since last request: 0.035687 seconds.
  path: Assets/Imported/CartoonLowPolyCity/Prefabs/Nature/Grass_02.prefab
  artifactKey: Guid(d09a8927be533b24f8512f00e4314a6e) Importer(815301076,1909f56bfc062723c751e8b465ee728b)
Start importing Assets/Imported/CartoonLowPolyCity/Prefabs/Nature/Grass_02.prefab using Guid(d09a8927be533b24f8512f00e4314a6e) Importer(815301076,1909f56bfc062723c751e8b465ee728b)  -> (artifact id: '5ca48e3c38a8dea6e3d7743bd66539ec') in 0.043984 seconds 
========================================================================
Received Import Request.
  Time since last request: 0.037487 seconds.
  path: Assets/Imported/CartoonLowPolyCity/Prefabs/Props/GrassPart_01.prefab
  artifactKey: Guid(5671b3a8c61535f4284a9d712a266b1e) Importer(815301076,1909f56bfc062723c751e8b465ee728b)
Start importing Assets/Imported/CartoonLowPolyCity/Prefabs/Props/GrassPart_01.prefab using Guid(5671b3a8c61535f4284a9d712a266b1e) Importer(815301076,1909f56bfc062723c751e8b465ee728b)  -> (artifact id: '3b9a9340a2f0a43c9957df34f720fcbc') in 0.017952 seconds 
========================================================================
Received Import Request.
  Time since last request: 0.452045 seconds.
  path: Assets/Imported/CartoonLowPolyCity/Models/Road/GrassPlane_01.fbx
  artifactKey: Guid(271bd657a90ffca4fbd55cad2e2a9870) Importer(815301076,1909f56bfc062723c751e8b465ee728b)
Start importing Assets/Imported/CartoonLowPolyCity/Models/Road/GrassPlane_01.fbx using Guid(271bd657a90ffca4fbd55cad2e2a9870) Importer(815301076,1909f56bfc062723c751e8b465ee728b)  -> (artifact id: 'd650c62c750cd1482fcbe9598dcbc100') in 0.017076 seconds 
========================================================================
Received Import Request.
  Time since last request: 0.340878 seconds.
  path: Assets/Imported/CartoonLowPolyCity/Prefabs/Road/GrassPlane_02.prefab
  artifactKey: Guid(aa039a7689f07fb429aee6c3da6619c6) Importer(815301076,1909f56bfc062723c751e8b465ee728b)
Start importing Assets/Imported/CartoonLowPolyCity/Prefabs/Road/GrassPlane_02.prefab using Guid(aa039a7689f07fb429aee6c3da6619c6) Importer(815301076,1909f56bfc062723c751e8b465ee728b)  -> (artifact id: '7bea339243ab7ab4ce05ea2dcf2ebe4a') in 0.014056 seconds 
========================================================================
Received Import Request.
  Time since last request: 0.377773 seconds.
  path: Assets/Imported/CartoonLowPolyCity/Prefabs/Road/GrassPlane_03.prefab
  artifactKey: Guid(58a82aa714b1d524ebf6e96a7ad7c084) Importer(815301076,1909f56bfc062723c751e8b465ee728b)
Start importing Assets/Imported/CartoonLowPolyCity/Prefabs/Road/GrassPlane_03.prefab using Guid(58a82aa714b1d524ebf6e96a7ad7c084) Importer(815301076,1909f56bfc062723c751e8b465ee728b)  -> (artifact id: 'd21690beb46e681754d6b28184b818b5') in 0.016133 seconds 
========================================================================
Received Import Request.
  Time since last request: 1.283058 seconds.
  path: Assets/Imported/CartoonLowPolyCity/Models/Road/GrassPlane_05.fbx
  artifactKey: Guid(c9c5e348e4317494f940cc0c509a0cd7) Importer(815301076,1909f56bfc062723c751e8b465ee728b)
Start importing Assets/Imported/CartoonLowPolyCity/Models/Road/GrassPlane_05.fbx using Guid(c9c5e348e4317494f940cc0c509a0cd7) Importer(815301076,1909f56bfc062723c751e8b465ee728b)  -> (artifact id: 'f0542f150a35593a51be880af596ebc2') in 0.017532 seconds 
========================================================================
Received Import Request.
  Time since last request: 5.351952 seconds.
  path: Assets/Imported/CartoonLowPolyCity/Prefabs/Buildings/House_15.prefab
  artifactKey: Guid(85056a1af145b9646a00dc3ae4c9f2bf) Importer(815301076,1909f56bfc062723c751e8b465ee728b)
Start importing Assets/Imported/CartoonLowPolyCity/Prefabs/Buildings/House_15.prefab using Guid(85056a1af145b9646a00dc3ae4c9f2bf) Importer(815301076,1909f56bfc062723c751e8b465ee728b)  -> (artifact id: '836ecc25726d4870f672f1caed645ea5') in 0.019960 seconds 
========================================================================
Received Import Request.
  Time since last request: 5.040108 seconds.
  path: Assets/Imported/CartoonLowPolyCity/Models/Props/Luke_01.fbx
  artifactKey: Guid(22e319478564bda46bcd4e3467be14ec) Importer(815301076,1909f56bfc062723c751e8b465ee728b)
Start importing Assets/Imported/CartoonLowPolyCity/Models/Props/Luke_01.fbx using Guid(22e319478564bda46bcd4e3467be14ec) Importer(815301076,1909f56bfc062723c751e8b465ee728b)  -> (artifact id: 'b7556921a90fd2b73f1ae844fb8d0b1b') in 0.024123 seconds 
========================================================================
Received Import Request.
  Time since last request: 0.043048 seconds.
  path: Assets/Imported/PolygonMini_CityCharacters/Prefabs/MiniCharacter_BusinessWoman_01.prefab
  artifactKey: Guid(b93914c580b6b45489d95383bb33828f) Importer(815301076,1909f56bfc062723c751e8b465ee728b)
Start importing Assets/Imported/PolygonMini_CityCharacters/Prefabs/MiniCharacter_BusinessWoman_01.prefab using Guid(b93914c580b6b45489d95383bb33828f) Importer(815301076,1909f56bfc062723c751e8b465ee728b)  -> (artifact id: 'f93112c63053237abe981420a31d0dd0') in 0.107729 seconds 
========================================================================
Received Import Request.
  Time since last request: 0.238153 seconds.
  path: Assets/Imported/PolygonMini_CityCharacters/Prefabs/MiniCharacter_Father_02.prefab
  artifactKey: Guid(e15d3738897cec74d845fa35b2585484) Importer(815301076,1909f56bfc062723c751e8b465ee728b)
Start importing Assets/Imported/PolygonMini_CityCharacters/Prefabs/MiniCharacter_Father_02.prefab using Guid(e15d3738897cec74d845fa35b2585484) Importer(815301076,1909f56bfc062723c751e8b465ee728b)  -> (artifact id: '36acb587fdb89253f18b8425a29988da') in 0.047809 seconds 
========================================================================
Received Import Request.
  Time since last request: 0.413010 seconds.
  path: Assets/Imported/PolygonMini_CityCharacters/Prefabs/MiniCharacter_Gangster_01.prefab
  artifactKey: Guid(e6f1e13343ea0f146a6a6b594ccf664b) Importer(815301076,1909f56bfc062723c751e8b465ee728b)
Start importing Assets/Imported/PolygonMini_CityCharacters/Prefabs/MiniCharacter_Gangster_01.prefab using Guid(e6f1e13343ea0f146a6a6b594ccf664b) Importer(815301076,1909f56bfc062723c751e8b465ee728b)  -> (artifact id: '412d3ec30f9a668ef5ef53f4f9bbc7ce') in 0.050461 seconds 
========================================================================
Received Import Request.
  Time since last request: 0.005072 seconds.
  path: Assets/Imported/PolygonMini_CityCharacters/Prefabs/MiniCharacter_HipsterGirl_01.prefab
  artifactKey: Guid(4e52f00c250fe274282c255981546e46) Importer(815301076,1909f56bfc062723c751e8b465ee728b)
Start importing Assets/Imported/PolygonMini_CityCharacters/Prefabs/MiniCharacter_HipsterGirl_01.prefab using Guid(4e52f00c250fe274282c255981546e46) Importer(815301076,1909f56bfc062723c751e8b465ee728b)  -> (artifact id: '19429e80f817d4d124a473c159d28c79') in 0.042302 seconds 
========================================================================
Received Import Request.
  Time since last request: 0.000034 seconds.
  path: Assets/Imported/PolygonMini_CityCharacters/Prefabs/MiniCharacter_Hobo_01.prefab
  artifactKey: Guid(a9d1a634c0303c04e955a153d0a26124) Importer(815301076,1909f56bfc062723c751e8b465ee728b)
Start importing Assets/Imported/PolygonMini_CityCharacters/Prefabs/MiniCharacter_Hobo_01.prefab using Guid(a9d1a634c0303c04e955a153d0a26124) Importer(815301076,1909f56bfc062723c751e8b465ee728b)  -> (artifact id: '31a04999c6445e280e86dd965f17d889') in 0.041902 seconds 
========================================================================
Received Import Request.
  Time since last request: 0.328037 seconds.
  path: Assets/Imported/PolygonMini_CityCharacters/Prefabs/MiniCharacter_Male_Hoodie_01.prefab
  artifactKey: Guid(97dde85a63e5a26418556b52beefe518) Importer(815301076,1909f56bfc062723c751e8b465ee728b)
Start importing Assets/Imported/PolygonMini_CityCharacters/Prefabs/MiniCharacter_Male_Hoodie_01.prefab using Guid(97dde85a63e5a26418556b52beefe518) Importer(815301076,1909f56bfc062723c751e8b465ee728b)  -> (artifact id: '9e3561788e08902fecc127eaa1417ffe') in 0.046436 seconds 
========================================================================
Received Import Request.
  Time since last request: 0.000030 seconds.
  path: Assets/Imported/PolygonMini_CityCharacters/Prefabs/MiniCharacter_Male_Jacket_01.prefab
  artifactKey: Guid(9dd1132792c8f5e46bcd555cda074904) Importer(815301076,1909f56bfc062723c751e8b465ee728b)
Start importing Assets/Imported/PolygonMini_CityCharacters/Prefabs/MiniCharacter_Male_Jacket_01.prefab using Guid(9dd1132792c8f5e46bcd555cda074904) Importer(815301076,1909f56bfc062723c751e8b465ee728b)  -> (artifact id: '7a5efea5cd5372a2e3fab1f26832bf64') in 0.043221 seconds 
========================================================================
Received Import Request.
  Time since last request: 0.000032 seconds.
  path: Assets/Imported/PolygonMini_CityCharacters/Prefabs/MiniCharacter_Roadworker_01.prefab
  artifactKey: Guid(f0035ce155c0a5b40bab2f30a7bdd30f) Importer(815301076,1909f56bfc062723c751e8b465ee728b)
Start importing Assets/Imported/PolygonMini_CityCharacters/Prefabs/MiniCharacter_Roadworker_01.prefab using Guid(f0035ce155c0a5b40bab2f30a7bdd30f) Importer(815301076,1909f56bfc062723c751e8b465ee728b)  -> (artifact id: 'a82c552463f21467111bc228c62c2330') in 0.037963 seconds 
========================================================================
Received Import Request.
  Time since last request: 0.000027 seconds.
  path: Assets/Imported/PolygonMini_CityCharacters/Prefabs/MiniCharacter_ShopKeeper_Female_01.prefab
  artifactKey: Guid(cb04aaf2565cd514ea0cd707372e6080) Importer(815301076,1909f56bfc062723c751e8b465ee728b)
Start importing Assets/Imported/PolygonMini_CityCharacters/Prefabs/MiniCharacter_ShopKeeper_Female_01.prefab using Guid(cb04aaf2565cd514ea0cd707372e6080) Importer(815301076,1909f56bfc062723c751e8b465ee728b)  -> (artifact id: '04d86f139b2cf8f8112c0a3f5cc8f229') in 0.044769 seconds 
========================================================================
Received Import Request.
  Time since last request: 0.000039 seconds.
  path: Assets/Imported/PolygonMini_CityCharacters/Prefabs/MiniCharacter_Paramedic_01.prefab
  artifactKey: Guid(277b4a847cb8a424ba39deea5d554ee3) Importer(815301076,1909f56bfc062723c751e8b465ee728b)
Start importing Assets/Imported/PolygonMini_CityCharacters/Prefabs/MiniCharacter_Paramedic_01.prefab using Guid(277b4a847cb8a424ba39deea5d554ee3) Importer(815301076,1909f56bfc062723c751e8b465ee728b)  -> (artifact id: 'e9306ed0d4bf62907e30783e30890d4c') in 0.036087 seconds 
========================================================================
Received Import Request.
  Time since last request: 0.258403 seconds.
  path: Assets/Imported/CartoonLowPolyCity/Prefabs/Buildings/Office.prefab
  artifactKey: Guid(99fefc663aadf764f8a138bc664e5afc) Importer(815301076,1909f56bfc062723c751e8b465ee728b)
Start importing Assets/Imported/CartoonLowPolyCity/Prefabs/Buildings/Office.prefab using Guid(99fefc663aadf764f8a138bc664e5afc) Importer(815301076,1909f56bfc062723c751e8b465ee728b)  -> (artifact id: '0b88074e577549c6c4a1845d262b97f7') in 0.020238 seconds 
========================================================================
Received Import Request.
  Time since last request: 0.000036 seconds.
  path: Assets/Imported/CartoonLowPolyCity/Prefabs/Buildings/Pizza.prefab
  artifactKey: Guid(4770280d7e483ec4ea03645972229cbc) Importer(815301076,1909f56bfc062723c751e8b465ee728b)
Start importing Assets/Imported/CartoonLowPolyCity/Prefabs/Buildings/Pizza.prefab using Guid(4770280d7e483ec4ea03645972229cbc) Importer(815301076,1909f56bfc062723c751e8b465ee728b)  -> (artifact id: 'dddefaedaf9bb4b25f07ea23d9ec2fd4') in 0.019313 seconds 
========================================================================
Received Import Request.
  Time since last request: 0.030497 seconds.
  path: Assets/Imported/CartoonLowPolyCity/Models/Buildings/Police.fbx
  artifactKey: Guid(bdbd6d1292b57e6458ec235ab41118f5) Importer(815301076,1909f56bfc062723c751e8b465ee728b)
Start importing Assets/Imported/CartoonLowPolyCity/Models/Buildings/Police.fbx using Guid(bdbd6d1292b57e6458ec235ab41118f5) Importer(815301076,1909f56bfc062723c751e8b465ee728b)  -> (artifact id: '64cc8fcdaca3a3b99b3a9103ad7a254f') in 0.017361 seconds 
========================================================================
Received Import Request.
  Time since last request: 0.000031 seconds.
  path: Assets/Imported/CartoonLowPolyCity/Models/Road/Road_02.fbx
  artifactKey: Guid(17529f2493dd13a4f8ddf6247b44bd70) Importer(815301076,1909f56bfc062723c751e8b465ee728b)
Start importing Assets/Imported/CartoonLowPolyCity/Models/Road/Road_02.fbx using Guid(17529f2493dd13a4f8ddf6247b44bd70) Importer(815301076,1909f56bfc062723c751e8b465ee728b)  -> (artifact id: 'edafafa50718273821badcb0f6029a1d') in 0.028837 seconds 
========================================================================
Received Import Request.
  Time since last request: 0.363299 seconds.
  path: Assets/Imported/CartoonLowPolyCity/Models/Road/Road_04.fbx
  artifactKey: Guid(34c58c78c6f817d4bb1ff41aa1ed7224) Importer(815301076,1909f56bfc062723c751e8b465ee728b)
Start importing Assets/Imported/CartoonLowPolyCity/Models/Road/Road_04.fbx using Guid(34c58c78c6f817d4bb1ff41aa1ed7224) Importer(815301076,1909f56bfc062723c751e8b465ee728b)  -> (artifact id: '35d9a90859887498a737081c1ebb37b2') in 0.020760 seconds 
========================================================================
Received Prepare
Registering precompiled user dll's ...
Registered in 0.011152 seconds.
Begin MonoManager ReloadAssembly
Symbol file LoadedFromMemory doesn't match image C:\Users\isabe\OneDrive\Documentos\GitHub\MovilidadUrbana\MovilidadUrbana\Library\PackageCache\com.unity.visualscripting@1.7.8\Editor\VisualScripting.Core\Dependencies\YamlDotNet\Unity.VisualScripting.YamlDotNet.dll
Symbol file LoadedFromMemory doesn't match image C:\Users\isabe\OneDrive\Documentos\GitHub\MovilidadUrbana\MovilidadUrbana\Library\PackageCache\com.unity.visualscripting@1.7.8\Editor\VisualScripting.Core\Dependencies\DotNetZip\Unity.VisualScripting.IonicZip.dll
Native extension for WindowsStandalone target not found
Native extension for WebGL target not found
Refreshing native plugins compatible for Editor in 0.62 ms, found 3 plugins.
Preloading 0 native plugins for Editor in 0.00 ms.
Mono: successfully reloaded assembly
- Completed reload, in  1.578 seconds
Domain Reload Profiling:
	ReloadAssembly (1579ms)
		BeginReloadAssembly (178ms)
			ExecutionOrderSort (0ms)
			DisableScriptedObjects (7ms)
			BackupInstance (0ms)
			ReleaseScriptingObjects (0ms)
			CreateAndSetChildDomain (48ms)
		EndReloadAssembly (1279ms)
			LoadAssemblies (111ms)
			RebuildTransferFunctionScriptingTraits (0ms)
			SetupTypeCache (528ms)
			ReleaseScriptCaches (2ms)
			RebuildScriptCaches (68ms)
			SetupLoadedEditorAssemblies (509ms)
				LogAssemblyErrors (0ms)
				InitializePlatformSupportModulesInManaged (20ms)
				SetLoadedEditorAssemblies (1ms)
				RefreshPlugins (1ms)
				BeforeProcessingInitializeOnLoad (110ms)
				ProcessInitializeOnLoadAttributes (325ms)
				ProcessInitializeOnLoadMethodAttributes (41ms)
				AfterProcessingInitializeOnLoad (11ms)
				EditorAssembliesLoaded (0ms)
			ExecutionOrderSort2 (0ms)
			AwakeInstancesAfterBackupRestoration (11ms)
Platform modules already initialized, skipping
Refreshing native plugins compatible for Editor in 3.11 ms, found 3 plugins.
Preloading 0 native plugins for Editor in 0.00 ms.
Unloading 3376 Unused Serialized files (Serialized files now loaded: 0)
Unloading 18 unused Assets / (24.6 KB). Loaded Objects now: 3861.
Memory consumption went from 133.5 MB to 133.5 MB.
Total: 5.414600 ms (FindLiveObjects: 0.288100 ms CreateObjectMapping: 0.202600 ms MarkObjects: 4.886300 ms  DeleteObjects: 0.036000 ms)

AssetImportParameters requested are different than current active one (requested -> active):
  custom:video-decoder-ogg-theora: a1e56fd34408186e4bbccfd4996cb3dc -> 
  custom:container-muxer-webm: aa71ff27fc2769a1b78a27578f13a17b -> 
  custom:container-demuxer-webm: 4f35f7cbe854078d1ac9338744f61a02 -> 
  custom:video-encoder-webm-vp8: eb34c28f22e8b96e1ab97ce403110664 -> 
  custom:audio-encoder-webm-vorbis: bf7c407c2cedff20999df2af8eb42d56 -> 
  custom:framework-win-MediaFoundation: 216162199b28c13a410421893ffa2e32 -> 
  custom:container-demuxer-ogg: 62fdf1f143b41e24485cea50d1cbac27 -> 
  custom:video-decoder-webm-vp8: 9c59270c3fd7afecdb556c50c9e8de78 -> 
  custom:audio-decoder-ogg-vorbis: bf7c407c2cedff20999df2af8eb42d56 -> 
Editor requested this worker to shutdown with reason: Scaling down because of idle timeout
AssetImportWorker is now disconnected from the server
Process exiting
Exiting without the bug reporter. Application will terminate with return code 0