Using pre-set license
Built from '2021.3/release' branch; Version is '2021.3.12f1 (8af3c3e441b1) revision 9106371'; Using compiler version '192829333'; Build Type 'Release'
OS: 'Windows 11  (10.0.22621) 64bit CoreSingleLanguage' Language: 'es' Physical Memory: 16080 MB
BatchMode: 1, IsHumanControllingUs: 0, StartBugReporterOnCrash: 0, Is64bit: 1, IsPro: 1

COMMAND LINE ARGUMENTS:
C:\Program Files\Unity\Hub\Editor\2021.3.12f1\Editor\Unity.exe
-adb2
-batchMode
-noUpm
-name
AssetImportWorker2
-projectPath
C:/Users/isabe/OneDrive/Documentos/GitHub/MovilidadUrbana/MovilidadUrbana
-logFile
Logs/AssetImportWorker2.log
-srvPort
57501
Successfully changed project path to: C:/Users/isabe/OneDrive/Documentos/GitHub/MovilidadUrbana/MovilidadUrbana
C:/Users/isabe/OneDrive/Documentos/GitHub/MovilidadUrbana/MovilidadUrbana
[UnityMemory] Configuration Parameters - Can be set up in boot.config
    "memorysetup-bucket-allocator-granularity=16"
    "memorysetup-bucket-allocator-bucket-count=8"
    "memorysetup-bucket-allocator-block-size=33554432"
    "memorysetup-bucket-allocator-block-count=8"
    "memorysetup-main-allocator-block-size=16777216"
    "memorysetup-thread-allocator-block-size=16777216"
    "memorysetup-gfx-main-allocator-block-size=16777216"
    "memorysetup-gfx-thread-allocator-block-size=16777216"
    "memorysetup-cache-allocator-block-size=4194304"
    "memorysetup-typetree-allocator-block-size=2097152"
    "memorysetup-profiler-bucket-allocator-granularity=16"
    "memorysetup-profiler-bucket-allocator-bucket-count=8"
    "memorysetup-profiler-bucket-allocator-block-size=33554432"
    "memorysetup-profiler-bucket-allocator-block-count=8"
    "memorysetup-profiler-allocator-block-size=16777216"
    "memorysetup-profiler-editor-allocator-block-size=1048576"
    "memorysetup-temp-allocator-size-main=16777216"
    "memorysetup-job-temp-allocator-block-size=2097152"
    "memorysetup-job-temp-allocator-block-size-background=1048576"
    "memorysetup-job-temp-allocator-reduction-small-platforms=262144"
    "memorysetup-temp-allocator-size-background-worker=32768"
    "memorysetup-temp-allocator-size-job-worker=262144"
    "memorysetup-temp-allocator-size-preload-manager=33554432"
    "memorysetup-temp-allocator-size-nav-mesh-worker=65536"
    "memorysetup-temp-allocator-size-audio-worker=65536"
    "memorysetup-temp-allocator-size-cloud-worker=32768"
    "memorysetup-temp-allocator-size-gi-baking-worker=262144"
    "memorysetup-temp-allocator-size-gfx=262144"
Refreshing native plugins compatible for Editor in 92.78 ms, found 3 plugins.
Preloading 0 native plugins for Editor in 0.00 ms.
Initialize engine version: 2021.3.12f1 (8af3c3e441b1)
[Subsystems] Discovering subsystems at path C:/Program Files/Unity/Hub/Editor/2021.3.12f1/Editor/Data/Resources/UnitySubsystems
[Subsystems] Discovering subsystems at path C:/Users/isabe/OneDrive/Documentos/GitHub/MovilidadUrbana/MovilidadUrbana/Assets
GfxDevice: creating device client; threaded=0; jobified=0
Direct3D:
    Version:  Direct3D 11.0 [level 11.1]
    Renderer: Intel(R) Iris(R) Xe Graphics (ID=0x9a49)
    Vendor:   Intel
    VRAM:     8040 MB
    Driver:   30.0.101.1003
Initialize mono
Mono path[0] = 'C:/Program Files/Unity/Hub/Editor/2021.3.12f1/Editor/Data/Managed'
Mono path[1] = 'C:/Program Files/Unity/Hub/Editor/2021.3.12f1/Editor/Data/MonoBleedingEdge/lib/mono/unityjit-win32'
Mono config path = 'C:/Program Files/Unity/Hub/Editor/2021.3.12f1/Editor/Data/MonoBleedingEdge/etc'
Using monoOptions --debugger-agent=transport=dt_socket,embedding=1,server=y,suspend=n,address=127.0.0.1:56112
Begin MonoManager ReloadAssembly
Registering precompiled unity dll's ...
Register platform support module: C:/Program Files/Unity/Hub/Editor/2021.3.12f1/Editor/Data/PlaybackEngines/WebGLSupport/UnityEditor.WebGL.Extensions.dll
Register platform support module: C:/Program Files/Unity/Hub/Editor/2021.3.12f1/Editor/Data/PlaybackEngines/WindowsStandaloneSupport/UnityEditor.WindowsStandalone.Extensions.dll
Registered in 0.007454 seconds.
Native extension for WindowsStandalone target not found
Native extension for WebGL target not found
Refreshing native plugins compatible for Editor in 91.34 ms, found 3 plugins.
Preloading 0 native plugins for Editor in 0.00 ms.
Mono: successfully reloaded assembly
- Completed reload, in  0.786 seconds
Domain Reload Profiling:
	ReloadAssembly (787ms)
		BeginReloadAssembly (103ms)
			ExecutionOrderSort (0ms)
			DisableScriptedObjects (0ms)
			BackupInstance (0ms)
			ReleaseScriptingObjects (0ms)
			CreateAndSetChildDomain (1ms)
		EndReloadAssembly (562ms)
			LoadAssemblies (101ms)
			RebuildTransferFunctionScriptingTraits (0ms)
			SetupTypeCache (108ms)
			ReleaseScriptCaches (0ms)
			RebuildScriptCaches (37ms)
			SetupLoadedEditorAssemblies (355ms)
				LogAssemblyErrors (0ms)
				InitializePlatformSupportModulesInManaged (12ms)
				SetLoadedEditorAssemblies (0ms)
				RefreshPlugins (91ms)
				BeforeProcessingInitializeOnLoad (2ms)
				ProcessInitializeOnLoadAttributes (206ms)
				ProcessInitializeOnLoadMethodAttributes (43ms)
				AfterProcessingInitializeOnLoad (0ms)
				EditorAssembliesLoaded (0ms)
			ExecutionOrderSort2 (0ms)
			AwakeInstancesAfterBackupRestoration (0ms)
Platform modules already initialized, skipping
Registering precompiled user dll's ...
Registered in 0.008809 seconds.
Begin MonoManager ReloadAssembly
Symbol file LoadedFromMemory doesn't match image C:\Users\isabe\OneDrive\Documentos\GitHub\MovilidadUrbana\MovilidadUrbana\Library\PackageCache\com.unity.visualscripting@1.7.8\Editor\VisualScripting.Core\Dependencies\YamlDotNet\Unity.VisualScripting.YamlDotNet.dll
Symbol file LoadedFromMemory doesn't match image C:\Users\isabe\OneDrive\Documentos\GitHub\MovilidadUrbana\MovilidadUrbana\Library\PackageCache\com.unity.visualscripting@1.7.8\Editor\VisualScripting.Core\Dependencies\DotNetZip\Unity.VisualScripting.IonicZip.dll
Native extension for WindowsStandalone target not found
Native extension for WebGL target not found
Refreshing native plugins compatible for Editor in 0.83 ms, found 3 plugins.
Preloading 0 native plugins for Editor in 0.00 ms.
Mono: successfully reloaded assembly
- Completed reload, in  1.290 seconds
Domain Reload Profiling:
	ReloadAssembly (1291ms)
		BeginReloadAssembly (159ms)
			ExecutionOrderSort (0ms)
			DisableScriptedObjects (6ms)
			BackupInstance (0ms)
			ReleaseScriptingObjects (0ms)
			CreateAndSetChildDomain (26ms)
		EndReloadAssembly (960ms)
			LoadAssemblies (126ms)
			RebuildTransferFunctionScriptingTraits (0ms)
			SetupTypeCache (330ms)
			ReleaseScriptCaches (1ms)
			RebuildScriptCaches (62ms)
			SetupLoadedEditorAssemblies (419ms)
				LogAssemblyErrors (0ms)
				InitializePlatformSupportModulesInManaged (8ms)
				SetLoadedEditorAssemblies (1ms)
				RefreshPlugins (1ms)
				BeforeProcessingInitializeOnLoad (91ms)
				ProcessInitializeOnLoadAttributes (282ms)
				ProcessInitializeOnLoadMethodAttributes (28ms)
				AfterProcessingInitializeOnLoad (9ms)
				EditorAssembliesLoaded (0ms)
			ExecutionOrderSort2 (0ms)
			AwakeInstancesAfterBackupRestoration (7ms)
Platform modules already initialized, skipping
========================================================================
Worker process is ready to serve import requests
Launched and connected shader compiler UnityShaderCompiler.exe after 0.06 seconds
Refreshing native plugins compatible for Editor in 0.62 ms, found 3 plugins.
Preloading 0 native plugins for Editor in 0.00 ms.
Unloading 3383 Unused Serialized files (Serialized files now loaded: 0)
Unloading 25 unused Assets / (56.1 KB). Loaded Objects now: 3842.
Memory consumption went from 116.2 MB to 116.2 MB.
Total: 3.879300 ms (FindLiveObjects: 0.254600 ms CreateObjectMapping: 0.126800 ms MarkObjects: 3.416600 ms  DeleteObjects: 0.079600 ms)

AssetImportParameters requested are different than current active one (requested -> active):
  custom:video-decoder-ogg-theora: a1e56fd34408186e4bbccfd4996cb3dc -> 
  custom:container-muxer-webm: aa71ff27fc2769a1b78a27578f13a17b -> 
  custom:container-demuxer-webm: 4f35f7cbe854078d1ac9338744f61a02 -> 
  custom:video-encoder-webm-vp8: eb34c28f22e8b96e1ab97ce403110664 -> 
  custom:audio-encoder-webm-vorbis: bf7c407c2cedff20999df2af8eb42d56 -> 
  custom:framework-win-MediaFoundation: 216162199b28c13a410421893ffa2e32 -> 
  custom:container-demuxer-ogg: 62fdf1f143b41e24485cea50d1cbac27 -> 
  custom:video-decoder-webm-vp8: 9c59270c3fd7afecdb556c50c9e8de78 -> 
  custom:audio-decoder-ogg-vorbis: bf7c407c2cedff20999df2af8eb42d56 -> 
========================================================================
Received Import Request.
  Time since last request: 199128.711310 seconds.
  path: Assets/Imported/CartoonLowPolyCity/Models/Road/GrassPlane_04.fbx
  artifactKey: Guid(d4e35299488977445be5a37fdf65b082) Importer(815301076,1909f56bfc062723c751e8b465ee728b)
Start importing Assets/Imported/CartoonLowPolyCity/Models/Road/GrassPlane_04.fbx using Guid(d4e35299488977445be5a37fdf65b082) Importer(815301076,1909f56bfc062723c751e8b465ee728b)  -> (artifact id: '936dcf733c31d777c7865e43a01b55b2') in 0.169944 seconds 
========================================================================
Received Import Request.
  Time since last request: 0.574603 seconds.
  path: Assets/Imported/CartoonLowPolyCity/Prefabs/Buildings/Hospital.prefab
  artifactKey: Guid(28bf9e2d8bfd7d84cb0ced74c453ee78) Importer(815301076,1909f56bfc062723c751e8b465ee728b)
Start importing Assets/Imported/CartoonLowPolyCity/Prefabs/Buildings/Hospital.prefab using Guid(28bf9e2d8bfd7d84cb0ced74c453ee78) Importer(815301076,1909f56bfc062723c751e8b465ee728b)  -> (artifact id: 'da2f9487d9f0379830f5925c09fdef84') in 0.022428 seconds 
========================================================================
Received Import Request.
  Time since last request: 0.037714 seconds.
  path: Assets/Imported/CartoonLowPolyCity/Prefabs/Buildings/Hotel.prefab
  artifactKey: Guid(5af326d2e5c5d514daa755105bd34e4b) Importer(815301076,1909f56bfc062723c751e8b465ee728b)
Start importing Assets/Imported/CartoonLowPolyCity/Prefabs/Buildings/Hotel.prefab using Guid(5af326d2e5c5d514daa755105bd34e4b) Importer(815301076,1909f56bfc062723c751e8b465ee728b)  -> (artifact id: 'eeea6d7254f2e1bdbcbcf69613a767f5') in 0.015346 seconds 
========================================================================
Received Import Request.
  Time since last request: 0.443986 seconds.
  path: Assets/Imported/CartoonLowPolyCity/Prefabs/Buildings/House_01.prefab
  artifactKey: Guid(1a546004a9e63d1428fe39b43efeab2d) Importer(815301076,1909f56bfc062723c751e8b465ee728b)
Start importing Assets/Imported/CartoonLowPolyCity/Prefabs/Buildings/House_01.prefab using Guid(1a546004a9e63d1428fe39b43efeab2d) Importer(815301076,1909f56bfc062723c751e8b465ee728b)  -> (artifact id: '7cea98b3b96e0d19c02592bf751fd980') in 0.016934 seconds 
========================================================================
Received Import Request.
  Time since last request: 0.044823 seconds.
  path: Assets/Imported/CartoonLowPolyCity/Models/Buildings/House_02.fbx
  artifactKey: Guid(1392404e3555f2c4fbabad5b6a6932ce) Importer(815301076,1909f56bfc062723c751e8b465ee728b)
Start importing Assets/Imported/CartoonLowPolyCity/Models/Buildings/House_02.fbx using Guid(1392404e3555f2c4fbabad5b6a6932ce) Importer(815301076,1909f56bfc062723c751e8b465ee728b)  -> (artifact id: '46a93f2e1ef6aaf93e3db28761a93b66') in 0.019772 seconds 
========================================================================
Received Import Request.
  Time since last request: 0.100195 seconds.
  path: Assets/Imported/CartoonLowPolyCity/Prefabs/Buildings/House_03.prefab
  artifactKey: Guid(52e95fc33da031d4f9754bdda77ed788) Importer(815301076,1909f56bfc062723c751e8b465ee728b)
Start importing Assets/Imported/CartoonLowPolyCity/Prefabs/Buildings/House_03.prefab using Guid(52e95fc33da031d4f9754bdda77ed788) Importer(815301076,1909f56bfc062723c751e8b465ee728b)  -> (artifact id: 'f435c0f7ac62325b02b8aef50b9c6201') in 0.020935 seconds 
========================================================================
Received Import Request.
  Time since last request: 0.314942 seconds.
  path: Assets/Imported/CartoonLowPolyCity/Models/Buildings/House_03.fbx
  artifactKey: Guid(74637c6d5e79f334896a3c09add1f733) Importer(815301076,1909f56bfc062723c751e8b465ee728b)
Start importing Assets/Imported/CartoonLowPolyCity/Models/Buildings/House_03.fbx using Guid(74637c6d5e79f334896a3c09add1f733) Importer(815301076,1909f56bfc062723c751e8b465ee728b)  -> (artifact id: '59cbe15ea47e58b6edadb9642be909d9') in 0.019730 seconds 
========================================================================
Received Import Request.
  Time since last request: 0.447242 seconds.
  path: Assets/Imported/CartoonLowPolyCity/Models/Buildings/House_04.fbx
  artifactKey: Guid(880823d203463c1409474678981dea2d) Importer(815301076,1909f56bfc062723c751e8b465ee728b)
Start importing Assets/Imported/CartoonLowPolyCity/Models/Buildings/House_04.fbx using Guid(880823d203463c1409474678981dea2d) Importer(815301076,1909f56bfc062723c751e8b465ee728b)  -> (artifact id: 'f26ef8118ebb63bb35b5afdc80943ca6') in 0.022329 seconds 
========================================================================
Received Import Request.
  Time since last request: 0.038496 seconds.
  path: Assets/Imported/CartoonLowPolyCity/Prefabs/Buildings/House_05.prefab
  artifactKey: Guid(c63cac91bfc37614d8102d653ce67039) Importer(815301076,1909f56bfc062723c751e8b465ee728b)
Start importing Assets/Imported/CartoonLowPolyCity/Prefabs/Buildings/House_05.prefab using Guid(c63cac91bfc37614d8102d653ce67039) Importer(815301076,1909f56bfc062723c751e8b465ee728b)  -> (artifact id: 'a522390ef5b90eac3e06ab0903277186') in 0.014530 seconds 
========================================================================
Received Import Request.
  Time since last request: 0.327361 seconds.
  path: Assets/Imported/CartoonLowPolyCity/Prefabs/Buildings/House_06.prefab
  artifactKey: Guid(553d7935272fcd84686a141b6e9e0eea) Importer(815301076,1909f56bfc062723c751e8b465ee728b)
Start importing Assets/Imported/CartoonLowPolyCity/Prefabs/Buildings/House_06.prefab using Guid(553d7935272fcd84686a141b6e9e0eea) Importer(815301076,1909f56bfc062723c751e8b465ee728b)  -> (artifact id: 'd55c6b6260a51cb93b2f5026cffcd029') in 0.020134 seconds 
========================================================================
Received Import Request.
  Time since last request: 0.424150 seconds.
  path: Assets/Imported/CartoonLowPolyCity/Models/Buildings/House_07.fbx
  artifactKey: Guid(de917fd2e315a234d87d5da6b62fe2a3) Importer(815301076,1909f56bfc062723c751e8b465ee728b)
Start importing Assets/Imported/CartoonLowPolyCity/Models/Buildings/House_07.fbx using Guid(de917fd2e315a234d87d5da6b62fe2a3) Importer(815301076,1909f56bfc062723c751e8b465ee728b)  -> (artifact id: 'eb76c40cbaf8f53fe14bb5c25c3b37cc') in 0.026625 seconds 
========================================================================
Received Import Request.
  Time since last request: 0.446122 seconds.
  path: Assets/Imported/CartoonLowPolyCity/Prefabs/Buildings/House_08.prefab
  artifactKey: Guid(f15245df2558d2b4ebb1f01cc75d61fc) Importer(815301076,1909f56bfc062723c751e8b465ee728b)
Start importing Assets/Imported/CartoonLowPolyCity/Prefabs/Buildings/House_08.prefab using Guid(f15245df2558d2b4ebb1f01cc75d61fc) Importer(815301076,1909f56bfc062723c751e8b465ee728b)  -> (artifact id: '30a6fcae788c79dc40958bd4cfada125') in 0.019085 seconds 
========================================================================
Received Import Request.
  Time since last request: 0.353414 seconds.
  path: Assets/Imported/CartoonLowPolyCity/Prefabs/Buildings/House_09.prefab
  artifactKey: Guid(a059647f169ed5b40880d9af7a430e40) Importer(815301076,1909f56bfc062723c751e8b465ee728b)
Start importing Assets/Imported/CartoonLowPolyCity/Prefabs/Buildings/House_09.prefab using Guid(a059647f169ed5b40880d9af7a430e40) Importer(815301076,1909f56bfc062723c751e8b465ee728b)  -> (artifact id: '93fd506bcb7def4b88773da6f48ec4e9') in 0.014836 seconds 
========================================================================
Received Import Request.
  Time since last request: 0.039244 seconds.
  path: Assets/Imported/CartoonLowPolyCity/Models/Buildings/House_10.fbx
  artifactKey: Guid(03df7d53a280b754fab96be6c3afaf72) Importer(815301076,1909f56bfc062723c751e8b465ee728b)
Start importing Assets/Imported/CartoonLowPolyCity/Models/Buildings/House_10.fbx using Guid(03df7d53a280b754fab96be6c3afaf72) Importer(815301076,1909f56bfc062723c751e8b465ee728b)  -> (artifact id: 'b3746c02c40a4e03cedf4b95273eb46c') in 0.019745 seconds 
========================================================================
Received Import Request.
  Time since last request: 0.350945 seconds.
  path: Assets/Imported/CartoonLowPolyCity/Prefabs/Buildings/House_10.prefab
  artifactKey: Guid(982687cf71b8dda4ebc81a81fe7ec03e) Importer(815301076,1909f56bfc062723c751e8b465ee728b)
Start importing Assets/Imported/CartoonLowPolyCity/Prefabs/Buildings/House_10.prefab using Guid(982687cf71b8dda4ebc81a81fe7ec03e) Importer(815301076,1909f56bfc062723c751e8b465ee728b)  -> (artifact id: 'd7cf0e0101c34c8bbb09775bd7b659d6') in 0.016407 seconds 
========================================================================
Received Import Request.
  Time since last request: 0.044170 seconds.
  path: Assets/Imported/CartoonLowPolyCity/Prefabs/Buildings/House_11.prefab
  artifactKey: Guid(265780a7da52f804ca4008fb764db90b) Importer(815301076,1909f56bfc062723c751e8b465ee728b)
Start importing Assets/Imported/CartoonLowPolyCity/Prefabs/Buildings/House_11.prefab using Guid(265780a7da52f804ca4008fb764db90b) Importer(815301076,1909f56bfc062723c751e8b465ee728b)  -> (artifact id: 'd11408a9c05b5ab00e81a28220cf5753') in 0.014148 seconds 
========================================================================
Received Import Request.
  Time since last request: 0.367567 seconds.
  path: Assets/Imported/CartoonLowPolyCity/Prefabs/Buildings/House_12.prefab
  artifactKey: Guid(e0d12f6bfc2b992418391597af1267cc) Importer(815301076,1909f56bfc062723c751e8b465ee728b)
Start importing Assets/Imported/CartoonLowPolyCity/Prefabs/Buildings/House_12.prefab using Guid(e0d12f6bfc2b992418391597af1267cc) Importer(815301076,1909f56bfc062723c751e8b465ee728b)  -> (artifact id: '4c7042e38043c99b580440411b689b28') in 0.016008 seconds 
========================================================================
Received Import Request.
  Time since last request: 0.036005 seconds.
  path: Assets/Imported/CartoonLowPolyCity/Models/Buildings/House_13.fbx
  artifactKey: Guid(3fca6b7dcf8d7f6468743ae267e5dad1) Importer(815301076,1909f56bfc062723c751e8b465ee728b)
Start importing Assets/Imported/CartoonLowPolyCity/Models/Buildings/House_13.fbx using Guid(3fca6b7dcf8d7f6468743ae267e5dad1) Importer(815301076,1909f56bfc062723c751e8b465ee728b)  -> (artifact id: 'aa743da3a54a10087a3f31699f32669b') in 0.019497 seconds 
========================================================================
Received Import Request.
  Time since last request: 0.423093 seconds.
  path: Assets/Imported/CartoonLowPolyCity/Models/Buildings/House_14.fbx
  artifactKey: Guid(c733f525ef2328a4a9c5fca772ad3094) Importer(815301076,1909f56bfc062723c751e8b465ee728b)
Start importing Assets/Imported/CartoonLowPolyCity/Models/Buildings/House_14.fbx using Guid(c733f525ef2328a4a9c5fca772ad3094) Importer(815301076,1909f56bfc062723c751e8b465ee728b)  -> (artifact id: 'bb453194e2e58a8fd41a3af3ce2810ec') in 0.020376 seconds 
========================================================================
Received Import Request.
  Time since last request: 0.000036 seconds.
  path: Assets/Imported/CartoonLowPolyCity/Models/Buildings/House_15.fbx
  artifactKey: Guid(2eca3b7d07a6f20458afbfc519f1ac77) Importer(815301076,1909f56bfc062723c751e8b465ee728b)
Start importing Assets/Imported/CartoonLowPolyCity/Models/Buildings/House_15.fbx using Guid(2eca3b7d07a6f20458afbfc519f1ac77) Importer(815301076,1909f56bfc062723c751e8b465ee728b)  -> (artifact id: '955a06685242267647971bda529640eb') in 0.021383 seconds 
========================================================================
Received Import Request.
  Time since last request: 0.025347 seconds.
  path: Assets/Imported/CartoonLowPolyCity/Prefabs/Buildings/House_16.prefab
  artifactKey: Guid(660207eaf9b92a24caca8b7bf12adaf6) Importer(815301076,1909f56bfc062723c751e8b465ee728b)
Start importing Assets/Imported/CartoonLowPolyCity/Prefabs/Buildings/House_16.prefab using Guid(660207eaf9b92a24caca8b7bf12adaf6) Importer(815301076,1909f56bfc062723c751e8b465ee728b)  -> (artifact id: 'b32c505af668e7e0c9b765e1cdc90453') in 0.014946 seconds 
========================================================================
Received Import Request.
  Time since last request: 0.029222 seconds.
  path: Assets/Imported/CartoonLowPolyCity/Models/Buildings/House_17.fbx
  artifactKey: Guid(92a0f537c8583a142946799a7fb58ff4) Importer(815301076,1909f56bfc062723c751e8b465ee728b)
Start importing Assets/Imported/CartoonLowPolyCity/Models/Buildings/House_17.fbx using Guid(92a0f537c8583a142946799a7fb58ff4) Importer(815301076,1909f56bfc062723c751e8b465ee728b)  -> (artifact id: '3e079d64c6422e63774b646e98c4cd0e') in 0.016989 seconds 
========================================================================
Received Import Request.
  Time since last request: 0.691123 seconds.
  path: Assets/Imported/CartoonLowPolyCity/Models/Buildings/House_18.fbx
  artifactKey: Guid(92b14c2aa81512f4a9826dbee1c64200) Importer(815301076,1909f56bfc062723c751e8b465ee728b)
Start importing Assets/Imported/CartoonLowPolyCity/Models/Buildings/House_18.fbx using Guid(92b14c2aa81512f4a9826dbee1c64200) Importer(815301076,1909f56bfc062723c751e8b465ee728b)  -> (artifact id: '6227920ea1c3ceeb8623b583be46229c') in 0.020723 seconds 
========================================================================
Received Import Request.
  Time since last request: 0.030220 seconds.
  path: Assets/Imported/CartoonLowPolyCity/Prefabs/Buildings/House_19.prefab
  artifactKey: Guid(ff6313ab57b33174e87db56580787a60) Importer(815301076,1909f56bfc062723c751e8b465ee728b)
Start importing Assets/Imported/CartoonLowPolyCity/Prefabs/Buildings/House_19.prefab using Guid(ff6313ab57b33174e87db56580787a60) Importer(815301076,1909f56bfc062723c751e8b465ee728b)  -> (artifact id: '140fcd5d2cbc602ff7edc7650133d22a') in 0.016721 seconds 
========================================================================
Received Import Request.
  Time since last request: 0.078287 seconds.
  path: Assets/Imported/CartoonLowPolyCity/Prefabs/Buildings/House_20.prefab
  artifactKey: Guid(c87be76d07a1f5b499e463d1760ea780) Importer(815301076,1909f56bfc062723c751e8b465ee728b)
Start importing Assets/Imported/CartoonLowPolyCity/Prefabs/Buildings/House_20.prefab using Guid(c87be76d07a1f5b499e463d1760ea780) Importer(815301076,1909f56bfc062723c751e8b465ee728b)  -> (artifact id: 'acf23bb546f6ad2dcaef701765889e61') in 0.016552 seconds 
========================================================================
Received Import Request.
  Time since last request: 0.361598 seconds.
  path: Assets/Imported/CartoonLowPolyCity/Models/Buildings/House_21.fbx
  artifactKey: Guid(a8b34442d4902f6408ee38d298ce6df8) Importer(815301076,1909f56bfc062723c751e8b465ee728b)
Start importing Assets/Imported/CartoonLowPolyCity/Models/Buildings/House_21.fbx using Guid(a8b34442d4902f6408ee38d298ce6df8) Importer(815301076,1909f56bfc062723c751e8b465ee728b)  -> (artifact id: '9f9fdec07f7d118b42bc9b98ef987816') in 0.021480 seconds 
========================================================================
Received Import Request.
  Time since last request: 0.037528 seconds.
  path: Assets/Imported/CartoonLowPolyCity/Prefabs/Props/HousePart_01.prefab
  artifactKey: Guid(ee51270e986eddd4d8ef2356d628ce3e) Importer(815301076,1909f56bfc062723c751e8b465ee728b)
Start importing Assets/Imported/CartoonLowPolyCity/Prefabs/Props/HousePart_01.prefab using Guid(ee51270e986eddd4d8ef2356d628ce3e) Importer(815301076,1909f56bfc062723c751e8b465ee728b)  -> (artifact id: '9aef6afe60a5da2bdd9bf4779a243d14') in 0.015305 seconds 
========================================================================
Received Import Request.
  Time since last request: 0.345139 seconds.
  path: Assets/Imported/CartoonLowPolyCity/Prefabs/Props/HousePart_02.prefab
  artifactKey: Guid(2d5a0c7736ee2af4abe16aecf99127a6) Importer(815301076,1909f56bfc062723c751e8b465ee728b)
Start importing Assets/Imported/CartoonLowPolyCity/Prefabs/Props/HousePart_02.prefab using Guid(2d5a0c7736ee2af4abe16aecf99127a6) Importer(815301076,1909f56bfc062723c751e8b465ee728b)  -> (artifact id: '6358e8b3a81155cf78620ca892093b1d') in 0.017112 seconds 
========================================================================
Received Import Request.
  Time since last request: 0.037402 seconds.
  path: Assets/Imported/CartoonLowPolyCity/Models/Props/HousePart_03.fbx
  artifactKey: Guid(b188e8deaf05f4f4ca70c3ec106e0d8f) Importer(815301076,1909f56bfc062723c751e8b465ee728b)
Start importing Assets/Imported/CartoonLowPolyCity/Models/Props/HousePart_03.fbx using Guid(b188e8deaf05f4f4ca70c3ec106e0d8f) Importer(815301076,1909f56bfc062723c751e8b465ee728b)  -> (artifact id: '1936daf787b7452ce0e47e087868c000') in 0.017989 seconds 
========================================================================
Received Import Request.
  Time since last request: 0.064361 seconds.
  path: Assets/Imported/CartoonLowPolyCity/Prefabs/Props/HousePart_04.prefab
  artifactKey: Guid(8c1bd643baddbfc47b678c1fb6dbd26e) Importer(815301076,1909f56bfc062723c751e8b465ee728b)
Start importing Assets/Imported/CartoonLowPolyCity/Prefabs/Props/HousePart_04.prefab using Guid(8c1bd643baddbfc47b678c1fb6dbd26e) Importer(815301076,1909f56bfc062723c751e8b465ee728b)  -> (artifact id: '568ea4f4769d269128ebd72b3fa383e9') in 0.015873 seconds 
========================================================================
Received Import Request.
  Time since last request: 0.370843 seconds.
  path: Assets/Imported/CartoonLowPolyCity/Prefabs/Props/HousePart_05.prefab
  artifactKey: Guid(44d67e072df4a124f91f003f34c10b41) Importer(815301076,1909f56bfc062723c751e8b465ee728b)
Start importing Assets/Imported/CartoonLowPolyCity/Prefabs/Props/HousePart_05.prefab using Guid(44d67e072df4a124f91f003f34c10b41) Importer(815301076,1909f56bfc062723c751e8b465ee728b)  -> (artifact id: 'f4eee51ca6b36db02c7018c37d6452ab') in 0.017903 seconds 
========================================================================
Received Import Request.
  Time since last request: 0.393805 seconds.
  path: Assets/Imported/CartoonLowPolyCity/Models/Props/HousePart_06.fbx
  artifactKey: Guid(1ca094bf5355a44408c77306b2446cb1) Importer(815301076,1909f56bfc062723c751e8b465ee728b)
Start importing Assets/Imported/CartoonLowPolyCity/Models/Props/HousePart_06.fbx using Guid(1ca094bf5355a44408c77306b2446cb1) Importer(815301076,1909f56bfc062723c751e8b465ee728b)  -> (artifact id: 'b946c3c22cb2d6520420e3a84ecd01a1') in 0.018548 seconds 
========================================================================
Received Import Request.
  Time since last request: 0.033036 seconds.
  path: Assets/Imported/CartoonLowPolyCity/Prefabs/Props/HousePart_07.prefab
  artifactKey: Guid(9afb1b7253c145943a7a0e779a042775) Importer(815301076,1909f56bfc062723c751e8b465ee728b)
Start importing Assets/Imported/CartoonLowPolyCity/Prefabs/Props/HousePart_07.prefab using Guid(9afb1b7253c145943a7a0e779a042775) Importer(815301076,1909f56bfc062723c751e8b465ee728b)  -> (artifact id: 'f4760f4f8bfacb4242d30138dad1163a') in 0.015275 seconds 
========================================================================
Received Import Request.
  Time since last request: 1.279997 seconds.
  path: Assets/Imported/CartoonLowPolyCity/Models/Props/HousePart_08.fbx
  artifactKey: Guid(2a529f51c4935b741ac9e77c761aa503) Importer(815301076,1909f56bfc062723c751e8b465ee728b)
Start importing Assets/Imported/CartoonLowPolyCity/Models/Props/HousePart_08.fbx using Guid(2a529f51c4935b741ac9e77c761aa503) Importer(815301076,1909f56bfc062723c751e8b465ee728b)  -> (artifact id: 'b86f39fd776bd96f9a1757b472290b1d') in 0.021783 seconds 
========================================================================
Received Import Request.
  Time since last request: 0.062445 seconds.
  path: Assets/Imported/CartoonLowPolyCity/Prefabs/Props/HousePart_09.prefab
  artifactKey: Guid(9ed6915622148d6489e61523009968f0) Importer(815301076,1909f56bfc062723c751e8b465ee728b)
Start importing Assets/Imported/CartoonLowPolyCity/Prefabs/Props/HousePart_09.prefab using Guid(9ed6915622148d6489e61523009968f0) Importer(815301076,1909f56bfc062723c751e8b465ee728b)  -> (artifact id: 'fe955f354926e8a1b70747899ad6bff9') in 0.015432 seconds 
========================================================================
Received Import Request.
  Time since last request: 0.309610 seconds.
  path: Assets/Imported/CartoonLowPolyCity/Models/Props/Hydrant.fbx
  artifactKey: Guid(d4ed7b91aebc10d47be6381fb333cad1) Importer(815301076,1909f56bfc062723c751e8b465ee728b)
Start importing Assets/Imported/CartoonLowPolyCity/Models/Props/Hydrant.fbx using Guid(d4ed7b91aebc10d47be6381fb333cad1) Importer(815301076,1909f56bfc062723c751e8b465ee728b)  -> (artifact id: '43bbf10c3ea048d5f67c59c51d6a65bf') in 0.019182 seconds 
========================================================================
Received Import Request.
  Time since last request: 0.034962 seconds.
  path: Assets/Imported/CartoonLowPolyCity/Models/Props/Light_01.fbx
  artifactKey: Guid(92111265fe698c34f9040f26b3271e3f) Importer(815301076,1909f56bfc062723c751e8b465ee728b)
Start importing Assets/Imported/CartoonLowPolyCity/Models/Props/Light_01.fbx using Guid(92111265fe698c34f9040f26b3271e3f) Importer(815301076,1909f56bfc062723c751e8b465ee728b)  -> (artifact id: '8c1783d3aa48ef06922282ff65fd199b') in 0.015678 seconds 
========================================================================
Received Import Request.
  Time since last request: 0.382783 seconds.
  path: Assets/Imported/CartoonLowPolyCity/Prefabs/Props/Light_02.prefab
  artifactKey: Guid(f5959dbd2b9127b45be9266202fa8d8c) Importer(815301076,1909f56bfc062723c751e8b465ee728b)
Start importing Assets/Imported/CartoonLowPolyCity/Prefabs/Props/Light_02.prefab using Guid(f5959dbd2b9127b45be9266202fa8d8c) Importer(815301076,1909f56bfc062723c751e8b465ee728b)  -> (artifact id: 'ccc660f6255511966c4282611dc5020b') in 0.015562 seconds 
========================================================================
Received Import Request.
  Time since last request: 0.015925 seconds.
  path: Assets/Imported/CartoonLowPolyCity/Models/Props/Light_02.fbx
  artifactKey: Guid(6b1d97e4177ff574cac757a292e617bd) Importer(815301076,1909f56bfc062723c751e8b465ee728b)
Start importing Assets/Imported/CartoonLowPolyCity/Models/Props/Light_02.fbx using Guid(6b1d97e4177ff574cac757a292e617bd) Importer(815301076,1909f56bfc062723c751e8b465ee728b)  -> (artifact id: '747e3740ac812ef1727e7c1e938c2b4b') in 0.017606 seconds 
========================================================================
Received Import Request.
  Time since last request: 0.046795 seconds.
  path: Assets/Imported/PolygonMini_CityCharacters/Prefabs/MiniCharacter_BusinessMan_Suit_01.prefab
  artifactKey: Guid(086eb706c3edcf447aa2a9e0e0155538) Importer(815301076,1909f56bfc062723c751e8b465ee728b)
Start importing Assets/Imported/PolygonMini_CityCharacters/Prefabs/MiniCharacter_BusinessMan_Suit_01.prefab using Guid(086eb706c3edcf447aa2a9e0e0155538) Importer(815301076,1909f56bfc062723c751e8b465ee728b)  -> (artifact id: 'c4ae87a99eaabcb22dd28ab97deec580') in 0.089386 seconds 
========================================================================
Received Import Request.
  Time since last request: 0.235941 seconds.
  path: Assets/Imported/PolygonMini_CityCharacters/Prefabs/MiniCharacter_FastfoodWorker_01.prefab
  artifactKey: Guid(143cf626d609a7a4c99f17d64c843004) Importer(815301076,1909f56bfc062723c751e8b465ee728b)
Start importing Assets/Imported/PolygonMini_CityCharacters/Prefabs/MiniCharacter_FastfoodWorker_01.prefab using Guid(143cf626d609a7a4c99f17d64c843004) Importer(815301076,1909f56bfc062723c751e8b465ee728b)  -> (artifact id: 'cefe6e1aefd9531ac8b1876b8522b4d1') in 0.048883 seconds 
========================================================================
Received Import Request.
  Time since last request: 0.050725 seconds.
  path: Assets/Imported/PolygonMini_CityCharacters/Prefabs/MiniCharacter_Female_Jacket_01.prefab
  artifactKey: Guid(89fbce75e15ab584587d452df4706a8c) Importer(815301076,1909f56bfc062723c751e8b465ee728b)
Start importing Assets/Imported/PolygonMini_CityCharacters/Prefabs/MiniCharacter_Female_Jacket_01.prefab using Guid(89fbce75e15ab584587d452df4706a8c) Importer(815301076,1909f56bfc062723c751e8b465ee728b)  -> (artifact id: '62fc37502bbc866bd7df230d0bd16a05') in 0.035384 seconds 
========================================================================
Received Import Request.
  Time since last request: 0.321753 seconds.
  path: Assets/Imported/PolygonMini_CityCharacters/Prefabs/MiniCharacter_FireFighter_01.prefab
  artifactKey: Guid(556dfb4cf14718c4c977d07cb442691e) Importer(815301076,1909f56bfc062723c751e8b465ee728b)
Start importing Assets/Imported/PolygonMini_CityCharacters/Prefabs/MiniCharacter_FireFighter_01.prefab using Guid(556dfb4cf14718c4c977d07cb442691e) Importer(815301076,1909f56bfc062723c751e8b465ee728b)  -> (artifact id: '4cb90e6051b78329e9d5afcb5d888c24') in 0.044324 seconds 
========================================================================
Received Import Request.
  Time since last request: 0.000028 seconds.
  path: Assets/Imported/PolygonMini_CityCharacters/Prefabs/MiniCharacter_Grandma_01.prefab
  artifactKey: Guid(a09c36d9674e75f41a494ce953559f04) Importer(815301076,1909f56bfc062723c751e8b465ee728b)
Start importing Assets/Imported/PolygonMini_CityCharacters/Prefabs/MiniCharacter_Grandma_01.prefab using Guid(a09c36d9674e75f41a494ce953559f04) Importer(815301076,1909f56bfc062723c751e8b465ee728b)  -> (artifact id: 'dbd4b3df8fd4f7d061dfa157ef21d0e8') in 0.048112 seconds 
========================================================================
Received Import Request.
  Time since last request: 0.017775 seconds.
  path: Assets/Imported/PolygonMini_CityCharacters/Prefabs/MiniCharacter_HipsterGuy_01.prefab
  artifactKey: Guid(ecce7fd9ad28e59488f2490e9c1aa92a) Importer(815301076,1909f56bfc062723c751e8b465ee728b)
Start importing Assets/Imported/PolygonMini_CityCharacters/Prefabs/MiniCharacter_HipsterGuy_01.prefab using Guid(ecce7fd9ad28e59488f2490e9c1aa92a) Importer(815301076,1909f56bfc062723c751e8b465ee728b)  -> (artifact id: '010c3d939734ab6cd751f45a1735849b') in 0.037458 seconds 
========================================================================
Received Import Request.
  Time since last request: 0.330562 seconds.
  path: Assets/Imported/PolygonMini_CityCharacters/Prefabs/MiniCharacter_HotdogMan_01.prefab
  artifactKey: Guid(ce7dbc70b8a277d4fa8e81b8a629f190) Importer(815301076,1909f56bfc062723c751e8b465ee728b)
Start importing Assets/Imported/PolygonMini_CityCharacters/Prefabs/MiniCharacter_HotdogMan_01.prefab using Guid(ce7dbc70b8a277d4fa8e81b8a629f190) Importer(815301076,1909f56bfc062723c751e8b465ee728b)  -> (artifact id: '957eeb72ce120ef4c079feb830367156') in 0.049114 seconds 
========================================================================
Received Import Request.
  Time since last request: 0.000034 seconds.
  path: Assets/Imported/PolygonMini_CityCharacters/Prefabs/MiniCharacter_Mother_01.prefab
  artifactKey: Guid(4fca8152a13bd7840a78177d98266f8b) Importer(815301076,1909f56bfc062723c751e8b465ee728b)
Start importing Assets/Imported/PolygonMini_CityCharacters/Prefabs/MiniCharacter_Mother_01.prefab using Guid(4fca8152a13bd7840a78177d98266f8b) Importer(815301076,1909f56bfc062723c751e8b465ee728b)  -> (artifact id: '62bc4b3ac7a98a778cb32006bf2a49f1') in 0.042529 seconds 
========================================================================
Received Import Request.
  Time since last request: 0.000036 seconds.
  path: Assets/Imported/PolygonMini_CityCharacters/Prefabs/MiniCharacter_PunkGirl_01.prefab
  artifactKey: Guid(29575d7a83c844447a18c331de49439d) Importer(815301076,1909f56bfc062723c751e8b465ee728b)
Start importing Assets/Imported/PolygonMini_CityCharacters/Prefabs/MiniCharacter_PunkGirl_01.prefab using Guid(29575d7a83c844447a18c331de49439d) Importer(815301076,1909f56bfc062723c751e8b465ee728b)  -> (artifact id: '25fcdf58dd0a2ee271c7362f798ecba2') in 0.037220 seconds 
========================================================================
Received Import Request.
  Time since last request: 0.000037 seconds.
  path: Assets/Imported/PolygonMini_CityCharacters/Prefabs/MiniCharacter_ShopKeeper_01.prefab
  artifactKey: Guid(c5e87bb6a51d86d47b607893784e823b) Importer(815301076,1909f56bfc062723c751e8b465ee728b)
Start importing Assets/Imported/PolygonMini_CityCharacters/Prefabs/MiniCharacter_ShopKeeper_01.prefab using Guid(c5e87bb6a51d86d47b607893784e823b) Importer(815301076,1909f56bfc062723c751e8b465ee728b)  -> (artifact id: '11f65296ce92277e660f9f1c6fe7e01b') in 0.037476 seconds 
========================================================================
Received Import Request.
  Time since last request: 0.000048 seconds.
  path: Assets/Imported/PolygonMini_CityCharacters/Prefabs/MiniCharacter_Son_01.prefab
  artifactKey: Guid(17f2609152389784086617ed8b4307f2) Importer(815301076,1909f56bfc062723c751e8b465ee728b)
Start importing Assets/Imported/PolygonMini_CityCharacters/Prefabs/MiniCharacter_Son_01.prefab using Guid(17f2609152389784086617ed8b4307f2) Importer(815301076,1909f56bfc062723c751e8b465ee728b)  -> (artifact id: '56367b137d6c3f7f36097d9995f2bdf6') in 0.035676 seconds 
========================================================================
Received Import Request.
  Time since last request: 0.253337 seconds.
  path: Assets/Imported/PolygonMini_CityCharacters/Prefabs/MiniCharacter_SummerGirl_01.prefab
  artifactKey: Guid(3d1c589fc5777f74bae9884427692506) Importer(815301076,1909f56bfc062723c751e8b465ee728b)
Start importing Assets/Imported/PolygonMini_CityCharacters/Prefabs/MiniCharacter_SummerGirl_01.prefab using Guid(3d1c589fc5777f74bae9884427692506) Importer(815301076,1909f56bfc062723c751e8b465ee728b)  -> (artifact id: '5452709858672ac4f78d38dffa682fdb') in 0.042983 seconds 
========================================================================
Received Import Request.
  Time since last request: 0.000033 seconds.
  path: Assets/Imported/CartoonLowPolyCity/Models/Buildings/Office.fbx
  artifactKey: Guid(c43b90c2312d76a4e9892f53bbfe6694) Importer(815301076,1909f56bfc062723c751e8b465ee728b)
Start importing Assets/Imported/CartoonLowPolyCity/Models/Buildings/Office.fbx using Guid(c43b90c2312d76a4e9892f53bbfe6694) Importer(815301076,1909f56bfc062723c751e8b465ee728b)  -> (artifact id: '42d8a2ce7347d8dc148c55142d1a906d') in 0.019302 seconds 
========================================================================
Received Import Request.
  Time since last request: 0.026369 seconds.
  path: Assets/Imported/CartoonLowPolyCity/Models/Buildings/Pizza.fbx
  artifactKey: Guid(18cb8107dc48f7045a564005b1b5453c) Importer(815301076,1909f56bfc062723c751e8b465ee728b)
Start importing Assets/Imported/CartoonLowPolyCity/Models/Buildings/Pizza.fbx using Guid(18cb8107dc48f7045a564005b1b5453c) Importer(815301076,1909f56bfc062723c751e8b465ee728b)  -> (artifact id: '1c0d9a93657fc64b6fa8b2d651fa5305') in 0.017774 seconds 
========================================================================
Received Import Request.
  Time since last request: 0.000033 seconds.
  path: Assets/Imported/CartoonLowPolyCity/Models/Road/Road_03.fbx
  artifactKey: Guid(1f2b87f514966444b81290347d0b54d2) Importer(815301076,1909f56bfc062723c751e8b465ee728b)
Start importing Assets/Imported/CartoonLowPolyCity/Models/Road/Road_03.fbx using Guid(1f2b87f514966444b81290347d0b54d2) Importer(815301076,1909f56bfc062723c751e8b465ee728b)  -> (artifact id: 'e95aac7cf89a422abd34152af30d4af3') in 0.019116 seconds 
========================================================================
Received Import Request.
  Time since last request: 0.000030 seconds.
  path: Assets/Imported/CartoonLowPolyCity/Prefabs/Road/Road_02.prefab
  artifactKey: Guid(fe9fa90c181e9ae42aea3ae90b935501) Importer(815301076,1909f56bfc062723c751e8b465ee728b)
Start importing Assets/Imported/CartoonLowPolyCity/Prefabs/Road/Road_02.prefab using Guid(fe9fa90c181e9ae42aea3ae90b935501) Importer(815301076,1909f56bfc062723c751e8b465ee728b)  -> (artifact id: '434ab27d6bac063188ce09e2fa73691a') in 0.015562 seconds 
========================================================================
Received Import Request.
  Time since last request: 0.333313 seconds.
  path: Assets/Imported/CartoonLowPolyCity/Prefabs/Road/Road_03.prefab
  artifactKey: Guid(49085352c8e3e5a40984e72e17dadee6) Importer(815301076,1909f56bfc062723c751e8b465ee728b)
Start importing Assets/Imported/CartoonLowPolyCity/Prefabs/Road/Road_03.prefab using Guid(49085352c8e3e5a40984e72e17dadee6) Importer(815301076,1909f56bfc062723c751e8b465ee728b)  -> (artifact id: 'de4f21a24b9173c6fb9b4b305a731c96') in 0.018564 seconds 
========================================================================
Received Import Request.
  Time since last request: 0.000092 seconds.
  path: Assets/Imported/CartoonLowPolyCity/Models/Road/Road_05.fbx
  artifactKey: Guid(af68b1f9dd0150f40bc658459fa30307) Importer(815301076,1909f56bfc062723c751e8b465ee728b)
Start importing Assets/Imported/CartoonLowPolyCity/Models/Road/Road_05.fbx using Guid(af68b1f9dd0150f40bc658459fa30307) Importer(815301076,1909f56bfc062723c751e8b465ee728b)  -> (artifact id: '4773e942e8e64986b517eddd47328050') in 0.020991 seconds 
========================================================================
Received Import Request.
  Time since last request: 0.031523 seconds.
  path: Assets/Imported/CartoonLowPolyCity/Prefabs/Road/Road_05.prefab
  artifactKey: Guid(4c15790eae7641449b50ac5d34b2e9ba) Importer(815301076,1909f56bfc062723c751e8b465ee728b)
Start importing Assets/Imported/CartoonLowPolyCity/Prefabs/Road/Road_05.prefab using Guid(4c15790eae7641449b50ac5d34b2e9ba) Importer(815301076,1909f56bfc062723c751e8b465ee728b)  -> (artifact id: '3898183be3c7112bb0144b468d42b4ee') in 0.012836 seconds 
========================================================================
Received Import Request.
  Time since last request: 2.826541 seconds.
  path: Assets/Imported/CartoonLowPolyCity/Prefabs/Road/Road_06.prefab
  artifactKey: Guid(8bd5e172d9bbc3544afa249810f76bae) Importer(815301076,1909f56bfc062723c751e8b465ee728b)
Start importing Assets/Imported/CartoonLowPolyCity/Prefabs/Road/Road_06.prefab using Guid(8bd5e172d9bbc3544afa249810f76bae) Importer(815301076,1909f56bfc062723c751e8b465ee728b)  -> (artifact id: '42b4783049e2f4a77fcda16d5ac5c0f3') in 0.016738 seconds 
========================================================================
Received Import Request.
  Time since last request: 0.017381 seconds.
  path: Assets/Imported/CartoonLowPolyCity/Models/Road/Road_07.fbx
  artifactKey: Guid(24d0ddf9256627141a4cfb77f869a603) Importer(815301076,1909f56bfc062723c751e8b465ee728b)
Start importing Assets/Imported/CartoonLowPolyCity/Models/Road/Road_07.fbx using Guid(24d0ddf9256627141a4cfb77f869a603) Importer(815301076,1909f56bfc062723c751e8b465ee728b)  -> (artifact id: 'eaddb142d6c1395f7fbc48ac6c0334de') in 0.021146 seconds 
========================================================================
Received Import Request.
  Time since last request: 0.032081 seconds.
  path: Assets/Imported/CartoonLowPolyCity/Prefabs/Road/Road_08.prefab
  artifactKey: Guid(ac65e17deb94d594cb324ea8b195d16e) Importer(815301076,1909f56bfc062723c751e8b465ee728b)
Start importing Assets/Imported/CartoonLowPolyCity/Prefabs/Road/Road_08.prefab using Guid(ac65e17deb94d594cb324ea8b195d16e) Importer(815301076,1909f56bfc062723c751e8b465ee728b)  -> (artifact id: '6fbf7cbddb27f263282fe36b436111c0') in 0.013093 seconds 
========================================================================
Received Import Request.
  Time since last request: 0.331287 seconds.
  path: Assets/Imported/CartoonLowPolyCity/Prefabs/Road/Road_09.prefab
  artifactKey: Guid(7eb885d668b5d0240b852fa2229806d5) Importer(815301076,1909f56bfc062723c751e8b465ee728b)
Start importing Assets/Imported/CartoonLowPolyCity/Prefabs/Road/Road_09.prefab using Guid(7eb885d668b5d0240b852fa2229806d5) Importer(815301076,1909f56bfc062723c751e8b465ee728b)  -> (artifact id: '69b2a7211dc1a87e81c5bb06172ebda9') in 0.016945 seconds 
========================================================================
Received Import Request.
  Time since last request: 0.036486 seconds.
  path: Assets/Imported/CartoonLowPolyCity/Models/Road/Road_10.fbx
  artifactKey: Guid(ea7a7393cf71bbc41a1ff374fdb4210c) Importer(815301076,1909f56bfc062723c751e8b465ee728b)
Start importing Assets/Imported/CartoonLowPolyCity/Models/Road/Road_10.fbx using Guid(ea7a7393cf71bbc41a1ff374fdb4210c) Importer(815301076,1909f56bfc062723c751e8b465ee728b)  -> (artifact id: '37143c5548758116346d16bad88dd523') in 0.017480 seconds 
========================================================================
Received Import Request.
  Time since last request: 0.629414 seconds.
  path: Assets/Imported/CartoonLowPolyCity/Models/Road/Road_11.fbx
  artifactKey: Guid(e848b28c09c00804b8ec98e88e5feeb4) Importer(815301076,1909f56bfc062723c751e8b465ee728b)
Start importing Assets/Imported/CartoonLowPolyCity/Models/Road/Road_11.fbx using Guid(e848b28c09c00804b8ec98e88e5feeb4) Importer(815301076,1909f56bfc062723c751e8b465ee728b)  -> (artifact id: '7e1bc9f49f378d73128613d1d5af7aaa') in 0.021322 seconds 
========================================================================
Received Import Request.
  Time since last request: 0.075447 seconds.
  path: Assets/Imported/CartoonLowPolyCity/Models/Road/Road_12.fbx
  artifactKey: Guid(710b95545f06e4f4c9effff6f8ad9e33) Importer(815301076,1909f56bfc062723c751e8b465ee728b)
Start importing Assets/Imported/CartoonLowPolyCity/Models/Road/Road_12.fbx using Guid(710b95545f06e4f4c9effff6f8ad9e33) Importer(815301076,1909f56bfc062723c751e8b465ee728b)  -> (artifact id: '48cd5cd76c77f8feafa3e48fe85819cc') in 0.019671 seconds 
========================================================================
Received Import Request.
  Time since last request: 0.873747 seconds.
  path: Assets/Imported/CartoonLowPolyCity/Prefabs/Road/Road_13.prefab
  artifactKey: Guid(b37045997263e1a4a915d357cdeffd69) Importer(815301076,1909f56bfc062723c751e8b465ee728b)
Start importing Assets/Imported/CartoonLowPolyCity/Prefabs/Road/Road_13.prefab using Guid(b37045997263e1a4a915d357cdeffd69) Importer(815301076,1909f56bfc062723c751e8b465ee728b)  -> (artifact id: '5142759c706e8d9349b77c12aea5ae45') in 0.014951 seconds 
========================================================================
Received Import Request.
  Time since last request: 0.040523 seconds.
  path: Assets/Imported/CartoonLowPolyCity/Models/Road/Road_14.fbx
  artifactKey: Guid(dffee7c9feadd2f4b8809ef7b69a170f) Importer(815301076,1909f56bfc062723c751e8b465ee728b)
Start importing Assets/Imported/CartoonLowPolyCity/Models/Road/Road_14.fbx using Guid(dffee7c9feadd2f4b8809ef7b69a170f) Importer(815301076,1909f56bfc062723c751e8b465ee728b)  -> (artifact id: 'bc973ffc63d0d27b68c02a7e2da3ce70') in 0.015173 seconds 
========================================================================
Received Import Request.
  Time since last request: 0.579665 seconds.
  path: Assets/Imported/CartoonLowPolyCity/Prefabs/Road/Road_15.prefab
  artifactKey: Guid(7a4e3862e1341a044b3be4f39e0810c6) Importer(815301076,1909f56bfc062723c751e8b465ee728b)
Start importing Assets/Imported/CartoonLowPolyCity/Prefabs/Road/Road_15.prefab using Guid(7a4e3862e1341a044b3be4f39e0810c6) Importer(815301076,1909f56bfc062723c751e8b465ee728b)  -> (artifact id: 'd57901b383110b6f6d19d7d008d7e0fa') in 0.017835 seconds 
========================================================================
Received Import Request.
  Time since last request: 0.036498 seconds.
  path: Assets/Imported/CartoonLowPolyCity/Models/Road/Road_16.fbx
  artifactKey: Guid(9fa444ff7fa867f439b52e4d6f1da42c) Importer(815301076,1909f56bfc062723c751e8b465ee728b)
Start importing Assets/Imported/CartoonLowPolyCity/Models/Road/Road_16.fbx using Guid(9fa444ff7fa867f439b52e4d6f1da42c) Importer(815301076,1909f56bfc062723c751e8b465ee728b)  -> (artifact id: '277e9ea8898e334bc5d6e946e60856f3') in 0.016804 seconds 
========================================================================
Received Import Request.
  Time since last request: 0.047673 seconds.
  path: Assets/Imported/CartoonLowPolyCity/Prefabs/Road/Road_17.prefab
  artifactKey: Guid(e8a0a2afcb3e2914a83f377c225cfc85) Importer(815301076,1909f56bfc062723c751e8b465ee728b)
Start importing Assets/Imported/CartoonLowPolyCity/Prefabs/Road/Road_17.prefab using Guid(e8a0a2afcb3e2914a83f377c225cfc85) Importer(815301076,1909f56bfc062723c751e8b465ee728b)  -> (artifact id: 'e3ac4c0bffe970a7c12a963c6900d2bf') in 0.016253 seconds 
========================================================================
Received Import Request.
  Time since last request: 0.470129 seconds.
  path: Assets/Imported/CartoonLowPolyCity/Prefabs/Road/Road_18.prefab
  artifactKey: Guid(0ea5a8f9ac50c8142a3e2e06efd5c636) Importer(815301076,1909f56bfc062723c751e8b465ee728b)
Start importing Assets/Imported/CartoonLowPolyCity/Prefabs/Road/Road_18.prefab using Guid(0ea5a8f9ac50c8142a3e2e06efd5c636) Importer(815301076,1909f56bfc062723c751e8b465ee728b)  -> (artifact id: '9bea32203f7f10926ddd42ef743058d8') in 0.014802 seconds 
========================================================================
Received Import Request.
  Time since last request: 0.044216 seconds.
  path: Assets/Imported/CartoonLowPolyCity/Prefabs/Road/Road_19.prefab
  artifactKey: Guid(8e0322c1f06fa674cac2bff557b375de) Importer(815301076,1909f56bfc062723c751e8b465ee728b)
Start importing Assets/Imported/CartoonLowPolyCity/Prefabs/Road/Road_19.prefab using Guid(8e0322c1f06fa674cac2bff557b375de) Importer(815301076,1909f56bfc062723c751e8b465ee728b)  -> (artifact id: '3e8a8b7cecd43a66d3a8e520eba69f65') in 0.013062 seconds 
========================================================================
Received Prepare
Registering precompiled user dll's ...
Registered in 0.010037 seconds.
Begin MonoManager ReloadAssembly
Symbol file LoadedFromMemory doesn't match image C:\Users\isabe\OneDrive\Documentos\GitHub\MovilidadUrbana\MovilidadUrbana\Library\PackageCache\com.unity.visualscripting@1.7.8\Editor\VisualScripting.Core\Dependencies\YamlDotNet\Unity.VisualScripting.YamlDotNet.dll
Symbol file LoadedFromMemory doesn't match image C:\Users\isabe\OneDrive\Documentos\GitHub\MovilidadUrbana\MovilidadUrbana\Library\PackageCache\com.unity.visualscripting@1.7.8\Editor\VisualScripting.Core\Dependencies\DotNetZip\Unity.VisualScripting.IonicZip.dll
Native extension for WindowsStandalone target not found
Native extension for WebGL target not found
Refreshing native plugins compatible for Editor in 0.94 ms, found 3 plugins.
Preloading 0 native plugins for Editor in 0.00 ms.
Mono: successfully reloaded assembly
- Completed reload, in  1.598 seconds
Domain Reload Profiling:
	ReloadAssembly (1598ms)
		BeginReloadAssembly (166ms)
			ExecutionOrderSort (0ms)
			DisableScriptedObjects (7ms)
			BackupInstance (0ms)
			ReleaseScriptingObjects (0ms)
			CreateAndSetChildDomain (51ms)
		EndReloadAssembly (1299ms)
			LoadAssemblies (99ms)
			RebuildTransferFunctionScriptingTraits (0ms)
			SetupTypeCache (534ms)
			ReleaseScriptCaches (2ms)
			RebuildScriptCaches (69ms)
			SetupLoadedEditorAssemblies (523ms)
				LogAssemblyErrors (0ms)
				InitializePlatformSupportModulesInManaged (23ms)
				SetLoadedEditorAssemblies (1ms)
				RefreshPlugins (1ms)
				BeforeProcessingInitializeOnLoad (110ms)
				ProcessInitializeOnLoadAttributes (338ms)
				ProcessInitializeOnLoadMethodAttributes (39ms)
				AfterProcessingInitializeOnLoad (12ms)
				EditorAssembliesLoaded (0ms)
			ExecutionOrderSort2 (0ms)
			AwakeInstancesAfterBackupRestoration (11ms)
Platform modules already initialized, skipping
Refreshing native plugins compatible for Editor in 2.16 ms, found 3 plugins.
Preloading 0 native plugins for Editor in 0.00 ms.
Unloading 3376 Unused Serialized files (Serialized files now loaded: 0)
Unloading 18 unused Assets / (24.6 KB). Loaded Objects now: 3858.
Memory consumption went from 133.6 MB to 133.5 MB.
Total: 3.621300 ms (FindLiveObjects: 0.274500 ms CreateObjectMapping: 0.153600 ms MarkObjects: 3.166500 ms  DeleteObjects: 0.025100 ms)

AssetImportParameters requested are different than current active one (requested -> active):
  custom:video-decoder-ogg-theora: a1e56fd34408186e4bbccfd4996cb3dc -> 
  custom:container-muxer-webm: aa71ff27fc2769a1b78a27578f13a17b -> 
  custom:container-demuxer-webm: 4f35f7cbe854078d1ac9338744f61a02 -> 
  custom:video-encoder-webm-vp8: eb34c28f22e8b96e1ab97ce403110664 -> 
  custom:audio-encoder-webm-vorbis: bf7c407c2cedff20999df2af8eb42d56 -> 
  custom:framework-win-MediaFoundation: 216162199b28c13a410421893ffa2e32 -> 
  custom:container-demuxer-ogg: 62fdf1f143b41e24485cea50d1cbac27 -> 
  custom:video-decoder-webm-vp8: 9c59270c3fd7afecdb556c50c9e8de78 -> 
  custom:audio-decoder-ogg-vorbis: bf7c407c2cedff20999df2af8eb42d56 -> 
========================================================================
Received Prepare
Registering precompiled user dll's ...
Registered in 0.006936 seconds.
Begin MonoManager ReloadAssembly
Symbol file LoadedFromMemory doesn't match image C:\Users\isabe\OneDrive\Documentos\GitHub\MovilidadUrbana\MovilidadUrbana\Library\PackageCache\com.unity.visualscripting@1.7.8\Editor\VisualScripting.Core\Dependencies\YamlDotNet\Unity.VisualScripting.YamlDotNet.dll
Symbol file LoadedFromMemory doesn't match image C:\Users\isabe\OneDrive\Documentos\GitHub\MovilidadUrbana\MovilidadUrbana\Library\PackageCache\com.unity.visualscripting@1.7.8\Editor\VisualScripting.Core\Dependencies\DotNetZip\Unity.VisualScripting.IonicZip.dll
Native extension for WindowsStandalone target not found
Native extension for WebGL target not found
Refreshing native plugins compatible for Editor in 1.02 ms, found 3 plugins.
Preloading 0 native plugins for Editor in 0.00 ms.
Mono: successfully reloaded assembly
- Completed reload, in  1.450 seconds
Domain Reload Profiling:
	ReloadAssembly (1450ms)
		BeginReloadAssembly (154ms)
			ExecutionOrderSort (0ms)
			DisableScriptedObjects (6ms)
			BackupInstance (0ms)
			ReleaseScriptingObjects (0ms)
			CreateAndSetChildDomain (42ms)
		EndReloadAssembly (1158ms)
			LoadAssemblies (108ms)
			RebuildTransferFunctionScriptingTraits (0ms)
			SetupTypeCache (400ms)
			ReleaseScriptCaches (2ms)
			RebuildScriptCaches (59ms)
			SetupLoadedEditorAssemblies (525ms)
				LogAssemblyErrors (0ms)
				InitializePlatformSupportModulesInManaged (28ms)
				SetLoadedEditorAssemblies (1ms)
				RefreshPlugins (1ms)
				BeforeProcessingInitializeOnLoad (127ms)
				ProcessInitializeOnLoadAttributes (326ms)
				ProcessInitializeOnLoadMethodAttributes (32ms)
				AfterProcessingInitializeOnLoad (10ms)
				EditorAssembliesLoaded (0ms)
			ExecutionOrderSort2 (0ms)
			AwakeInstancesAfterBackupRestoration (9ms)
Platform modules already initialized, skipping
Refreshing native plugins compatible for Editor in 2.85 ms, found 3 plugins.
Preloading 0 native plugins for Editor in 0.00 ms.
Unloading 3376 Unused Serialized files (Serialized files now loaded: 0)
Unloading 18 unused Assets / (24.7 KB). Loaded Objects now: 3861.
Memory consumption went from 133.6 MB to 133.6 MB.
Total: 4.176900 ms (FindLiveObjects: 0.304000 ms CreateObjectMapping: 0.173100 ms MarkObjects: 3.662800 ms  DeleteObjects: 0.035400 ms)

AssetImportParameters requested are different than current active one (requested -> active):
  custom:video-decoder-ogg-theora: a1e56fd34408186e4bbccfd4996cb3dc -> 
  custom:container-muxer-webm: aa71ff27fc2769a1b78a27578f13a17b -> 
  custom:container-demuxer-webm: 4f35f7cbe854078d1ac9338744f61a02 -> 
  custom:video-encoder-webm-vp8: eb34c28f22e8b96e1ab97ce403110664 -> 
  custom:audio-encoder-webm-vorbis: bf7c407c2cedff20999df2af8eb42d56 -> 
  custom:framework-win-MediaFoundation: 216162199b28c13a410421893ffa2e32 -> 
  custom:container-demuxer-ogg: 62fdf1f143b41e24485cea50d1cbac27 -> 
  custom:video-decoder-webm-vp8: 9c59270c3fd7afecdb556c50c9e8de78 -> 
  custom:audio-decoder-ogg-vorbis: bf7c407c2cedff20999df2af8eb42d56 -> 
========================================================================
Received Prepare
Registering precompiled user dll's ...
Registered in 0.009806 seconds.
Begin MonoManager ReloadAssembly
Symbol file LoadedFromMemory doesn't match image C:\Users\isabe\OneDrive\Documentos\GitHub\MovilidadUrbana\MovilidadUrbana\Library\PackageCache\com.unity.visualscripting@1.7.8\Editor\VisualScripting.Core\Dependencies\YamlDotNet\Unity.VisualScripting.YamlDotNet.dll
Symbol file LoadedFromMemory doesn't match image C:\Users\isabe\OneDrive\Documentos\GitHub\MovilidadUrbana\MovilidadUrbana\Library\PackageCache\com.unity.visualscripting@1.7.8\Editor\VisualScripting.Core\Dependencies\DotNetZip\Unity.VisualScripting.IonicZip.dll
Native extension for WindowsStandalone target not found
Native extension for WebGL target not found
Refreshing native plugins compatible for Editor in 0.63 ms, found 3 plugins.
Preloading 0 native plugins for Editor in 0.00 ms.
Mono: successfully reloaded assembly
- Completed reload, in  1.445 seconds
Domain Reload Profiling:
	ReloadAssembly (1446ms)
		BeginReloadAssembly (156ms)
			ExecutionOrderSort (0ms)
			DisableScriptedObjects (8ms)
			BackupInstance (0ms)
			ReleaseScriptingObjects (0ms)
			CreateAndSetChildDomain (36ms)
		EndReloadAssembly (1147ms)
			LoadAssemblies (111ms)
			RebuildTransferFunctionScriptingTraits (0ms)
			SetupTypeCache (368ms)
			ReleaseScriptCaches (2ms)
			RebuildScriptCaches (118ms)
			SetupLoadedEditorAssemblies (465ms)
				LogAssemblyErrors (0ms)
				InitializePlatformSupportModulesInManaged (19ms)
				SetLoadedEditorAssemblies (1ms)
				RefreshPlugins (1ms)
				BeforeProcessingInitializeOnLoad (99ms)
				ProcessInitializeOnLoadAttributes (298ms)
				ProcessInitializeOnLoadMethodAttributes (39ms)
				AfterProcessingInitializeOnLoad (8ms)
				EditorAssembliesLoaded (0ms)
			ExecutionOrderSort2 (0ms)
			AwakeInstancesAfterBackupRestoration (8ms)
Platform modules already initialized, skipping
Refreshing native plugins compatible for Editor in 3.29 ms, found 3 plugins.
Preloading 0 native plugins for Editor in 0.00 ms.
Unloading 3376 Unused Serialized files (Serialized files now loaded: 0)
Unloading 18 unused Assets / (24.6 KB). Loaded Objects now: 3864.
Memory consumption went from 133.6 MB to 133.6 MB.
Total: 3.521300 ms (FindLiveObjects: 0.227500 ms CreateObjectMapping: 0.110500 ms MarkObjects: 3.143300 ms  DeleteObjects: 0.038300 ms)

AssetImportParameters requested are different than current active one (requested -> active):
  custom:video-decoder-ogg-theora: a1e56fd34408186e4bbccfd4996cb3dc -> 
  custom:container-muxer-webm: aa71ff27fc2769a1b78a27578f13a17b -> 
  custom:container-demuxer-webm: 4f35f7cbe854078d1ac9338744f61a02 -> 
  custom:video-encoder-webm-vp8: eb34c28f22e8b96e1ab97ce403110664 -> 
  custom:audio-encoder-webm-vorbis: bf7c407c2cedff20999df2af8eb42d56 -> 
  custom:framework-win-MediaFoundation: 216162199b28c13a410421893ffa2e32 -> 
  custom:container-demuxer-ogg: 62fdf1f143b41e24485cea50d1cbac27 -> 
  custom:video-decoder-webm-vp8: 9c59270c3fd7afecdb556c50c9e8de78 -> 
  custom:audio-decoder-ogg-vorbis: bf7c407c2cedff20999df2af8eb42d56 -> 
========================================================================
Received Prepare
Registering precompiled user dll's ...
Registered in 0.008977 seconds.
Begin MonoManager ReloadAssembly
Symbol file LoadedFromMemory doesn't match image C:\Users\isabe\OneDrive\Documentos\GitHub\MovilidadUrbana\MovilidadUrbana\Library\PackageCache\com.unity.visualscripting@1.7.8\Editor\VisualScripting.Core\Dependencies\YamlDotNet\Unity.VisualScripting.YamlDotNet.dll
Symbol file LoadedFromMemory doesn't match image C:\Users\isabe\OneDrive\Documentos\GitHub\MovilidadUrbana\MovilidadUrbana\Library\PackageCache\com.unity.visualscripting@1.7.8\Editor\VisualScripting.Core\Dependencies\DotNetZip\Unity.VisualScripting.IonicZip.dll
Native extension for WindowsStandalone target not found
Native extension for WebGL target not found
Refreshing native plugins compatible for Editor in 0.86 ms, found 3 plugins.
Preloading 0 native plugins for Editor in 0.00 ms.
Mono: successfully reloaded assembly
- Completed reload, in  1.391 seconds
Domain Reload Profiling:
	ReloadAssembly (1392ms)
		BeginReloadAssembly (177ms)
			ExecutionOrderSort (0ms)
			DisableScriptedObjects (7ms)
			BackupInstance (0ms)
			ReleaseScriptingObjects (0ms)
			CreateAndSetChildDomain (40ms)
		EndReloadAssembly (1097ms)
			LoadAssemblies (123ms)
			RebuildTransferFunctionScriptingTraits (0ms)
			SetupTypeCache (395ms)
			ReleaseScriptCaches (2ms)
			RebuildScriptCaches (62ms)
			SetupLoadedEditorAssemblies (472ms)
				LogAssemblyErrors (0ms)
				InitializePlatformSupportModulesInManaged (21ms)
				SetLoadedEditorAssemblies (1ms)
				RefreshPlugins (1ms)
				BeforeProcessingInitializeOnLoad (102ms)
				ProcessInitializeOnLoadAttributes (301ms)
				ProcessInitializeOnLoadMethodAttributes (37ms)
				AfterProcessingInitializeOnLoad (10ms)
				EditorAssembliesLoaded (0ms)
			ExecutionOrderSort2 (0ms)
			AwakeInstancesAfterBackupRestoration (9ms)
Platform modules already initialized, skipping
Refreshing native plugins compatible for Editor in 2.90 ms, found 3 plugins.
Preloading 0 native plugins for Editor in 0.00 ms.
Unloading 3376 Unused Serialized files (Serialized files now loaded: 0)
Unloading 18 unused Assets / (24.6 KB). Loaded Objects now: 3867.
Memory consumption went from 133.6 MB to 133.6 MB.
Total: 2.638600 ms (FindLiveObjects: 0.225100 ms CreateObjectMapping: 0.101200 ms MarkObjects: 2.284000 ms  DeleteObjects: 0.027000 ms)

AssetImportParameters requested are different than current active one (requested -> active):
  custom:video-decoder-ogg-theora: a1e56fd34408186e4bbccfd4996cb3dc -> 
  custom:container-muxer-webm: aa71ff27fc2769a1b78a27578f13a17b -> 
  custom:container-demuxer-webm: 4f35f7cbe854078d1ac9338744f61a02 -> 
  custom:video-encoder-webm-vp8: eb34c28f22e8b96e1ab97ce403110664 -> 
  custom:audio-encoder-webm-vorbis: bf7c407c2cedff20999df2af8eb42d56 -> 
  custom:framework-win-MediaFoundation: 216162199b28c13a410421893ffa2e32 -> 
  custom:container-demuxer-ogg: 62fdf1f143b41e24485cea50d1cbac27 -> 
  custom:video-decoder-webm-vp8: 9c59270c3fd7afecdb556c50c9e8de78 -> 
  custom:audio-decoder-ogg-vorbis: bf7c407c2cedff20999df2af8eb42d56 -> 
========================================================================
Received Prepare
Registering precompiled user dll's ...
Registered in 0.011944 seconds.
Begin MonoManager ReloadAssembly
Symbol file LoadedFromMemory doesn't match image C:\Users\isabe\OneDrive\Documentos\GitHub\MovilidadUrbana\MovilidadUrbana\Library\PackageCache\com.unity.visualscripting@1.7.8\Editor\VisualScripting.Core\Dependencies\YamlDotNet\Unity.VisualScripting.YamlDotNet.dll
Symbol file LoadedFromMemory doesn't match image C:\Users\isabe\OneDrive\Documentos\GitHub\MovilidadUrbana\MovilidadUrbana\Library\PackageCache\com.unity.visualscripting@1.7.8\Editor\VisualScripting.Core\Dependencies\DotNetZip\Unity.VisualScripting.IonicZip.dll
Native extension for WindowsStandalone target not found
Native extension for WebGL target not found
Refreshing native plugins compatible for Editor in 0.98 ms, found 3 plugins.
Preloading 0 native plugins for Editor in 0.00 ms.
Mono: successfully reloaded assembly
- Completed reload, in  1.421 seconds
Domain Reload Profiling:
	ReloadAssembly (1422ms)
		BeginReloadAssembly (183ms)
			ExecutionOrderSort (0ms)
			DisableScriptedObjects (10ms)
			BackupInstance (0ms)
			ReleaseScriptingObjects (0ms)
			CreateAndSetChildDomain (43ms)
		EndReloadAssembly (1121ms)
			LoadAssemblies (121ms)
			RebuildTransferFunctionScriptingTraits (0ms)
			SetupTypeCache (354ms)
			ReleaseScriptCaches (3ms)
			RebuildScriptCaches (52ms)
			SetupLoadedEditorAssemblies (555ms)
				LogAssemblyErrors (0ms)
				InitializePlatformSupportModulesInManaged (24ms)
				SetLoadedEditorAssemblies (1ms)
				RefreshPlugins (1ms)
				BeforeProcessingInitializeOnLoad (142ms)
				ProcessInitializeOnLoadAttributes (339ms)
				ProcessInitializeOnLoadMethodAttributes (40ms)
				AfterProcessingInitializeOnLoad (8ms)
				EditorAssembliesLoaded (0ms)
			ExecutionOrderSort2 (0ms)
			AwakeInstancesAfterBackupRestoration (9ms)
Platform modules already initialized, skipping
Refreshing native plugins compatible for Editor in 1.97 ms, found 3 plugins.
Preloading 0 native plugins for Editor in 0.00 ms.
Unloading 3376 Unused Serialized files (Serialized files now loaded: 0)
Unloading 18 unused Assets / (24.6 KB). Loaded Objects now: 3870.
Memory consumption went from 133.6 MB to 133.6 MB.
Total: 4.064100 ms (FindLiveObjects: 0.244900 ms CreateObjectMapping: 0.103000 ms MarkObjects: 3.679200 ms  DeleteObjects: 0.035300 ms)

AssetImportParameters requested are different than current active one (requested -> active):
  custom:video-decoder-ogg-theora: a1e56fd34408186e4bbccfd4996cb3dc -> 
  custom:container-muxer-webm: aa71ff27fc2769a1b78a27578f13a17b -> 
  custom:container-demuxer-webm: 4f35f7cbe854078d1ac9338744f61a02 -> 
  custom:video-encoder-webm-vp8: eb34c28f22e8b96e1ab97ce403110664 -> 
  custom:audio-encoder-webm-vorbis: bf7c407c2cedff20999df2af8eb42d56 -> 
  custom:framework-win-MediaFoundation: 216162199b28c13a410421893ffa2e32 -> 
  custom:container-demuxer-ogg: 62fdf1f143b41e24485cea50d1cbac27 -> 
  custom:video-decoder-webm-vp8: 9c59270c3fd7afecdb556c50c9e8de78 -> 
  custom:audio-decoder-ogg-vorbis: bf7c407c2cedff20999df2af8eb42d56 -> 
